#
# There is insufficient memory for the Java Runtime Environment to continue.
# Native memory allocation (mmap) failed to map 132120576 bytes for Failed to commit area from 0x0000000082200000 to 0x000000008a000000 of length 132120576.
# Possible reasons:
#   The system is out of physical RAM or swap space
#   The process is running with CompressedOops enabled, and the Java Heap may be blocking the growth of the native heap
# Possible solutions:
#   Reduce memory load on the system
#   Increase physical memory or swap space
#   Check if swap backing store is full
#   Decrease Java heap size (-Xmx/-Xms)
#   Decrease number of Java threads
#   Decrease Java thread stack sizes (-Xss)
#   Set larger code cache with -XX:ReservedCodeCacheSize=
# This output file may be truncated or incomplete.
#
#  Out of Memory Error (./src/hotspot/os/windows/os_windows.cpp:3301), pid=21732, tid=16072
#
# JRE version:  (11.0.11+9) (build )
# Java VM: OpenJDK 64-Bit Server VM (11.0.11+9-b1341.60, mixed mode, sharing, tiered, compressed oops, g1 gc, windows-amd64)
# No core dump will be written. Minidumps are not enabled by default on client versions of Windows
#

---------------  S U M M A R Y ------------

Command Line: org.jetbrains.git4idea.http.GitAskPassApp Username for 'https://github.com': 

Host: Intel(R) Core(TM) i5-8265U CPU @ 1.60GHz, 8 cores, 7G,  Windows 10 , 64 bit Build 19041 (10.0.19041.1151)
Time: Sun Aug 22 00:11:46 2021 GMT (heure d’été) elapsed time: 0.091987 seconds (0d 0h 0m 0s)

---------------  T H R E A D  ---------------

Current thread (0x0000027cf1e4e800):  JavaThread "Unknown thread" [_thread_in_vm, id=16072, stack(0x0000008bd5d00000,0x0000008bd5e00000)]

Stack: [0x0000008bd5d00000,0x0000008bd5e00000]
Native frames: (J=compiled Java code, j=interpreted, Vv=VM code, C=native code)
V  [jvm.dll+0x5f5c8a]
V  [jvm.dll+0x779405]
V  [jvm.dll+0x77aa1d]
V  [jvm.dll+0x77b0d3]
V  [jvm.dll+0x244bc8]
V  [jvm.dll+0x5f3084]
V  [jvm.dll+0x5e7fe5]
V  [jvm.dll+0x30098b]
V  [jvm.dll+0x3008fa]
V  [jvm.dll+0x3007d2]
V  [jvm.dll+0x3056b6]
V  [jvm.dll+0x34e353]
V  [jvm.dll+0x34ea56]
V  [jvm.dll+0x34e453]
V  [jvm.dll+0x2db398]
V  [jvm.dll+0x2dc547]
V  [jvm.dll+0x757bf7]
V  [jvm.dll+0x7593ec]
V  [jvm.dll+0x35b8d9]
V  [jvm.dll+0x73b38e]
V  [jvm.dll+0x3c3cc3]
V  [jvm.dll+0x3c60e1]
C  [jli.dll+0x5373]
C  [ucrtbase.dll+0x21bb2]
C  [KERNEL32.DLL+0x17034]
C  [ntdll.dll+0x52651]


---------------  P R O C E S S  ---------------

Threads class SMR info:
_java_thread_list=0x0000027cefd64370, length=0, elements={
}

Java Threads: ( => current thread )

Other Threads:
  0x0000027cf1e64000 GCTaskThread "GC Thread#0" [stack: 0x0000008bd5e00000,0x0000008bd5f00000] [id=10188]
  0x0000027cf1e98800 ConcurrentGCThread "G1 Main Marker" [stack: 0x0000008bd5f00000,0x0000008bd6000000] [id=13028]
  0x0000027cf1e99800 ConcurrentGCThread "G1 Conc#0" [stack: 0x0000008bd6000000,0x0000008bd6100000] [id=7176]

[error occurred during error reporting (printing all threads), id 0xc0000005, EXCEPTION_ACCESS_VIOLATION (0xc0000005) at pc=0x00007ffcddd6b9f7]

VM state:not at safepoint (not fully initialized)

VM Mutex/Monitor currently owned by a thread:  ([mutex/lock_event])
[0x0000027cefe3a790] Heap_lock - owner thread: 0x0000027cf1e4e800

Heap address: 0x0000000082200000, size: 2014 MB, Compressed Oops mode: Non-zero based: 0x0000000082200000
Narrow klass base: 0x0000000000000000, Narrow klass shift: 0

GC Heap History (0 events):
No events

Deoptimization events (0 events):
No events

Classes redefined (0 events):
No events

Internal exceptions (0 events):
No events

Events (1 events):
Event: 0.015 Loaded shared library C:\Program Files\JetBrains\IntelliJ IDEA 2021.1.2\jbr\bin\zip.dll


Dynamic libraries:
0x00007ff676420000 - 0x00007ff67642a000 	C:\Program Files\JetBrains\IntelliJ IDEA 2021.1.2\jbr\bin\java.exe
0x00007ffd1e1d0000 - 0x00007ffd1e3c5000 	C:\WINDOWS\SYSTEM32\ntdll.dll
0x00007ffd1cff0000 - 0x00007ffd1d0ad000 	C:\WINDOWS\System32\KERNEL32.DLL
0x00007ffd1bb90000 - 0x00007ffd1be59000 	C:\WINDOWS\System32\KERNELBASE.dll
0x00007ffd1c0a0000 - 0x00007ffd1c1a0000 	C:\WINDOWS\System32\ucrtbase.dll
0x00007ffcf3370000 - 0x00007ffcf3389000 	C:\Program Files\JetBrains\IntelliJ IDEA 2021.1.2\jbr\bin\jli.dll
0x00007ffd1d0b0000 - 0x00007ffd1d250000 	C:\WINDOWS\System32\USER32.dll
0x00007ffd1bfc0000 - 0x00007ffd1bfe2000 	C:\WINDOWS\System32\win32u.dll
0x00007ffd06dd0000 - 0x00007ffd0706a000 	C:\WINDOWS\WinSxS\amd64_microsoft.windows.common-controls_6595b64144ccf1df_6.0.19041.1110_none_60b5254171f9507e\COMCTL32.dll
0x00007ffd1dc40000 - 0x00007ffd1dc6a000 	C:\WINDOWS\System32\GDI32.dll
0x00007ffd1dd20000 - 0x00007ffd1ddbe000 	C:\WINDOWS\System32\msvcrt.dll
0x00007ffd1b9e0000 - 0x00007ffd1baeb000 	C:\WINDOWS\System32\gdi32full.dll
0x00007ffd1baf0000 - 0x00007ffd1bb8d000 	C:\WINDOWS\System32\msvcp_win.dll
0x00007ffcee360000 - 0x00007ffcee377000 	C:\Program Files\JetBrains\IntelliJ IDEA 2021.1.2\jbr\bin\VCRUNTIME140.dll
0x00007ffd1d3c0000 - 0x00007ffd1d3f0000 	C:\WINDOWS\System32\IMM32.DLL
0x00007ffcb4b70000 - 0x00007ffcb4c0d000 	C:\Program Files\JetBrains\IntelliJ IDEA 2021.1.2\jbr\bin\msvcp140.dll
0x00007ffcdda80000 - 0x00007ffcde5c9000 	C:\Program Files\JetBrains\IntelliJ IDEA 2021.1.2\jbr\bin\server\jvm.dll
0x00007ffd1d310000 - 0x00007ffd1d3bc000 	C:\WINDOWS\System32\ADVAPI32.dll
0x00007ffd1db40000 - 0x00007ffd1dbdb000 	C:\WINDOWS\System32\sechost.dll
0x00007ffd1d410000 - 0x00007ffd1d53a000 	C:\WINDOWS\System32\RPCRT4.dll
0x00007ffd1db30000 - 0x00007ffd1db38000 	C:\WINDOWS\System32\PSAPI.DLL
0x00007ffd11270000 - 0x00007ffd11279000 	C:\WINDOWS\SYSTEM32\WSOCK32.dll
0x00007ffd1dab0000 - 0x00007ffd1db1b000 	C:\WINDOWS\System32\WS2_32.dll
0x00007ffd07770000 - 0x00007ffd07797000 	C:\WINDOWS\SYSTEM32\WINMM.dll
0x00007ffd12420000 - 0x00007ffd1242a000 	C:\WINDOWS\SYSTEM32\VERSION.dll
0x00007ffd19810000 - 0x00007ffd19822000 	C:\WINDOWS\SYSTEM32\kernel.appcore.dll
0x00007ffcfbc90000 - 0x00007ffcfbca1000 	C:\Program Files\JetBrains\IntelliJ IDEA 2021.1.2\jbr\bin\verify.dll
0x00007ffd19120000 - 0x00007ffd19304000 	C:\WINDOWS\SYSTEM32\DBGHELP.DLL
0x00007ffd0f860000 - 0x00007ffd0f88c000 	C:\WINDOWS\SYSTEM32\dbgcore.DLL
0x00007ffd1c1a0000 - 0x00007ffd1c223000 	C:\WINDOWS\System32\bcryptPrimitives.dll
0x00007ffcfbbc0000 - 0x00007ffcfbbe9000 	C:\Program Files\JetBrains\IntelliJ IDEA 2021.1.2\jbr\bin\java.dll
0x00007ffd09680000 - 0x00007ffd0968b000 	C:\Program Files\JetBrains\IntelliJ IDEA 2021.1.2\jbr\bin\jimage.dll
0x00007ffcfbb40000 - 0x00007ffcfbb58000 	C:\Program Files\JetBrains\IntelliJ IDEA 2021.1.2\jbr\bin\zip.dll

dbghelp: loaded successfully - version: 4.0.5 - missing functions: none
symbol engine: initialized successfully - sym options: 0x614 - pdb path: .;C:\Program Files\JetBrains\IntelliJ IDEA 2021.1.2\jbr\bin;C:\WINDOWS\SYSTEM32;C:\WINDOWS\WinSxS\amd64_microsoft.windows.common-controls_6595b64144ccf1df_6.0.19041.1110_none_60b5254171f9507e;C:\Program Files\JetBrains\IntelliJ IDEA 2021.1.2\jbr\bin\server

VM Arguments:
java_command: org.jetbrains.git4idea.http.GitAskPassApp Username for 'https://github.com': 
java_class_path (initial): C:/Program Files/JetBrains/IntelliJ IDEA 2021.1.2/plugins/git4idea/lib/git4idea-rt.jar;C:/Program Files/JetBrains/IntelliJ IDEA 2021.1.2/lib/xmlrpc-2.0.1.jar;C:/Program Files/JetBrains/IntelliJ IDEA 2021.1.2/lib/commons-codec-1.15.jar
Launcher Type: SUN_STANDARD

[Global flags]
     intx CICompilerCount                          = 4                                         {product} {ergonomic}
     uint ConcGCThreads                            = 2                                         {product} {ergonomic}
     uint G1ConcRefinementThreads                  = 8                                         {product} {ergonomic}
   size_t G1HeapRegionSize                         = 1048576                                   {product} {ergonomic}
    uintx GCDrainStackTargetSize                   = 64                                        {product} {ergonomic}
   size_t InitialHeapSize                          = 132120576                                 {product} {ergonomic}
   size_t MarkStackSize                            = 4194304                                   {product} {ergonomic}
   size_t MaxHeapSize                              = 2111832064                                {product} {ergonomic}
   size_t MinHeapDeltaBytes                        = 1048576                                   {product} {ergonomic}
    uintx NonNMethodCodeHeapSize                   = 5836300                                {pd product} {ergonomic}
    uintx NonProfiledCodeHeapSize                  = 122910970                              {pd product} {ergonomic}
    uintx ProfiledCodeHeapSize                     = 122910970                              {pd product} {ergonomic}
    uintx ReservedCodeCacheSize                    = 251658240                              {pd product} {ergonomic}
     bool SegmentedCodeCache                       = true                                      {product} {ergonomic}
     bool UseCompressedClassPointers               = true                                 {lp64_product} {ergonomic}
     bool UseCompressedOops                        = true                                 {lp64_product} {ergonomic}
     bool UseG1GC                                  = true                                      {product} {ergonomic}
     bool UseLargePagesIndividualAllocation        = false                                  {pd product} {ergonomic}

Logging:
Log output configuration:
 #0: stdout all=warning uptime,level,tags
 #1: stderr all=off uptime,level,tags

Environment Variables:
JAVA_HOME=C:\Program Files\Java\jdk-11.0.11
PATH=C:\Program Files\Git\mingw64\libexec\git-core;C:\Program Files\Git\mingw64\libexec\git-core;C:\Program Files\Git\mingw64\bin;C:\Program Files\Git\usr\bin;C:\Users\dell\bin;C:\Users\dell\AppData\Local\Programs\Python\Python39\Scripts;C:\Users\dell\AppData\Local\Programs\Python\Python39;C:\Program Files\Common Files\Oracle\Java\javapath;C:\Python39\Scripts;C:\Python39;C:\oraclexe\app\oracle\product\11.2.0\server\bin;F:\app\dell\product\11.2.0\dbhome_1\bin;C:\Program Files (x86)\Common Files\Oracle\Java\javapath;C:\WINDOWS\system32;C:\WINDOWS;C:\WINDOWS\System32\Wbem;C:\WINDOWS\System32\WindowsPowerShell\v1.0;C:\WINDOWS\System32\OpenSSH;C:\Program Files\Git\cmd;C:\Program Files\nodejs;C:\ProgramData\chocolatey\bin;C:\Program Files\Java\jdk-11.0.11\bin;C:\Program Files\apache-maven-3.8.1-bin\apache-maven-3.8.1\bin;C:\Program Files\MySQL\MySQL Shell 8.0\bin;C:\Users\dell\AppData\Local\Microsoft\WindowsApps;C:\Users\dell\AppData\Local\Programs\Microsoft VS Code\bin;C:\Program Files\JetBrains\IntelliJ IDEA 2021.1.2\bin;C:\Users\dell\AppData\Local\JetBrains\PyCharm Community Edition 2021.1\bin;C:\Users\dell\AppData\Roaming\npm;C:\Windows\System32;C:\Users\dell\Desktop\mysql-8.0.25-winx64\bin
USERNAME=dell
DISPLAY=:0.0
LC_ALL=en_US.UTF-8
OS=Windows_NT
PROCESSOR_IDENTIFIER=Intel64 Family 6 Model 142 Stepping 12, GenuineIntel



---------------  S Y S T E M  ---------------

OS: Windows 10 , 64 bit Build 19041 (10.0.19041.1151)
OS uptime: 2 days 13:28 hours

CPU:total 8 (initial active 8) (4 cores per cpu, 2 threads per core) family 6 model 142 stepping 12 microcode 0xca, cmov, cx8, fxsr, mmx, sse, sse2, sse3, ssse3, sse4.1, sse4.2, popcnt, avx, avx2, aes, clmul, erms, 3dnowpref, lzcnt, ht, tsc, tscinvbit, bmi1, bmi2, adx, fma

Memory: 4k page, system-wide physical 8050M (199M free)
TotalPageFile size 21493M (AvailPageFile size 32M)
current process WorkingSet (physical memory assigned to process): 10M, peak: 10M
current process commit charge ("private bytes"): 59M, peak: 185M

vm_info: OpenJDK 64-Bit Server VM (11.0.11+9-b1341.60) for windows-amd64 JRE (11.0.11+9-b1341.60), built on Jun  4 2021 08:17:54 by "" with MS VC++ 14.0 (VS2015)

END.
