#
# There is insufficient memory for the Java Runtime Environment to continue.
# Native memory allocation (mmap) failed to map 32505856 bytes for Failed to commit area from 0x000000008ba00000 to 0x000000008d900000 of length 32505856.
# Possible reasons:
#   The system is out of physical RAM or swap space
#   The process is running with CompressedOops enabled, and the Java Heap may be blocking the growth of the native heap
# Possible solutions:
#   Reduce memory load on the system
#   Increase physical memory or swap space
#   Check if swap backing store is full
#   Decrease Java heap size (-Xmx/-Xms)
#   Decrease number of Java threads
#   Decrease Java thread stack sizes (-Xss)
#   Set larger code cache with -XX:ReservedCodeCacheSize=
#   JVM is running with Unscaled Compressed Oops mode in which the Java heap is
#     placed in the first 4GB address space. The Java Heap base address is the
#     maximum limit for the native heap growth. Please use -XX:HeapBaseMinAddress
#     to set the Java Heap base and to place the Java Heap above 4GB virtual address.
# This output file may be truncated or incomplete.
#
#  Out of Memory Error (./src/hotspot/os/windows/os_windows.cpp:3301), pid=3828, tid=20728
#
# JRE version: OpenJDK Runtime Environment Corretto-11.0.11.9.1 (11.0.11+9) (build 11.0.11+9-LTS)
# Java VM: OpenJDK 64-Bit Server VM Corretto-11.0.11.9.1 (11.0.11+9-LTS, mixed mode, tiered, compressed oops, g1 gc, windows-amd64)
# No core dump will be written. Minidumps are not enabled by default on client versions of Windows
#

---------------  S U M M A R Y ------------

Command Line: -XX:TieredStopAtLevel=1 -Xverify:none -Dspring.output.ansi.enabled=always -javaagent:C:\Program Files\JetBrains\IntelliJ IDEA 2021.1.2\lib\idea_rt.jar=54952:C:\Program Files\JetBrains\IntelliJ IDEA 2021.1.2\bin -Dcom.sun.management.jmxremote -Dspring.jmx.enabled=true -Dspring.liveBeansView.mbeanDomain -Dspring.application.admin.enabled=true -Dfile.encoding=UTF-8 com.onegateafrica.LocaApplication

Host: Intel(R) Core(TM) i5-8265U CPU @ 1.60GHz, 8 cores, 7G,  Windows 10 , 64 bit Build 19041 (10.0.19041.1023)
Time: Thu Jul  1 16:41:28 2021 GMT (heure d’été) elapsed time: 16.835217 seconds (0d 0h 0m 16s)

---------------  T H R E A D  ---------------

Current thread (0x000002303532f000):  VMThread "VM Thread" [stack: 0x0000004f35700000,0x0000004f35800000] [id=20728]

Stack: [0x0000004f35700000,0x0000004f35800000]
[error occurred during error reporting (printing stack bounds), id 0xc0000005, EXCEPTION_ACCESS_VIOLATION (0xc0000005) at pc=0x000002301eac0f2d]

Native frames: (J=compiled Java code, j=interpreted, Vv=VM code, C=native code)
V  [jvm.dll+0x5f867a]
V  [jvm.dll+0x78124e]
V  [jvm.dll+0x78291f]
V  [jvm.dll+0x782f45]
V  [jvm.dll+0x782efb]
V  [jvm.dll+0x5f7b63]
V  [jvm.dll+0x5f8278]
C  [ntdll.dll+0xa217f]
C  [ntdll.dll+0x51454]
C  [ntdll.dll+0xa0cae]
C  0x000002301eac0f2d

VM_Operation (0x0000004f351fb190): CollectForMetadataAllocation, mode: safepoint, requested by thread 0x00000230163ba000


---------------  P R O C E S S  ---------------

Threads class SMR info:
_java_thread_list=0x0000023037fcab90, length=16, elements={
0x00000230163ba000, 0x0000023035346800, 0x0000023035348800, 0x000002303533e800,
0x0000023035340000, 0x0000023035351000, 0x0000023035356000, 0x0000023035cd2800,
0x0000023035e00800, 0x000002303635a000, 0x00000230364da800, 0x00000230372d6000,
0x0000023037301000, 0x0000023037e5e000, 0x000002303810e000, 0x00000230399d4800
}

Java Threads: ( => current thread )
  0x00000230163ba000 JavaThread "main" [_thread_blocked, id=16532, stack(0x0000004f35100000,0x0000004f35200000)]
  0x0000023035346800 JavaThread "Reference Handler" daemon [_thread_blocked, id=15244, stack(0x0000004f35800000,0x0000004f35900000)]
  0x0000023035348800 JavaThread "Finalizer" daemon [_thread_blocked, id=10560, stack(0x0000004f35900000,0x0000004f35a00000)]
  0x000002303533e800 JavaThread "Signal Dispatcher" daemon [_thread_blocked, id=8748, stack(0x0000004f35a00000,0x0000004f35b00000)]
  0x0000023035340000 JavaThread "Attach Listener" daemon [_thread_blocked, id=8668, stack(0x0000004f35b00000,0x0000004f35c00000)]
  0x0000023035351000 JavaThread "Service Thread" daemon [_thread_blocked, id=18612, stack(0x0000004f35c00000,0x0000004f35d00000)]
  0x0000023035356000 JavaThread "C1 CompilerThread0" daemon [_thread_blocked, id=2128, stack(0x0000004f35d00000,0x0000004f35e00000)]
  0x0000023035cd2800 JavaThread "Sweeper thread" daemon [_thread_blocked, id=21724, stack(0x0000004f35e00000,0x0000004f35f00000)]
  0x0000023035e00800 JavaThread "Common-Cleaner" daemon [_thread_blocked, id=11808, stack(0x0000004f35f00000,0x0000004f36000000)]
  0x000002303635a000 JavaThread "Monitor Ctrl-Break" daemon [_thread_in_native, id=18052, stack(0x0000004f36000000,0x0000004f36100000)]
  0x00000230364da800 JavaThread "RMI TCP Accept-0" daemon [_thread_in_native, id=9736, stack(0x0000004f36100000,0x0000004f36200000)]
  0x00000230372d6000 JavaThread "RMI TCP Connection(2)-192.168.1.5" daemon [_thread_in_native, id=17860, stack(0x0000004f36500000,0x0000004f36600000)]
  0x0000023037301000 JavaThread "RMI Scheduler(0)" daemon [_thread_blocked, id=12972, stack(0x0000004f36600000,0x0000004f36700000)]
  0x0000023037e5e000 JavaThread "mysql-cj-abandoned-connection-cleanup" daemon [_thread_blocked, id=14236, stack(0x0000004f36700000,0x0000004f36800000)]
  0x000002303810e000 JavaThread "HikariPool-1 housekeeper" daemon [_thread_blocked, id=11160, stack(0x0000004f36b00000,0x0000004f36c00000)]
  0x00000230399d4800 JavaThread "RMI TCP Connection(3)-192.168.1.5" daemon [_thread_blocked, id=11080, stack(0x0000004f36c00000,0x0000004f36d00000)]

Other Threads:
=>0x000002303532f000 VMThread "VM Thread" [stack: 0x0000004f35700000,0x0000004f35800000] [id=20728]
  0x00000230364d0000 WatcherThread [stack: 0x0000004f36200000,0x0000004f36300000] [id=14276]
  0x00000230163d3800 GCTaskThread "GC Thread#0" [stack: 0x0000004f35200000,0x0000004f35300000] [id=2372]
  0x000002303720d000 GCTaskThread "GC Thread#1" [stack: 0x0000004f36300000,0x0000004f36400000] [id=3872]
  0x00000230364b0800 GCTaskThread "GC Thread#2" [stack: 0x0000004f36400000,0x0000004f36500000] [id=20976]
  0x0000023037528000 GCTaskThread "GC Thread#3" [stack: 0x0000004f36800000,0x0000004f36900000] [id=14204]
  0x0000023016406000 ConcurrentGCThread "G1 Main Marker" [stack: 0x0000004f35300000,0x0000004f35400000] [id=7492]
  0x0000023016407800 ConcurrentGCThread "G1 Conc#0" [stack: 0x0000004f35400000,0x0000004f35500000] [id=2896]
  0x00000230372cd000 ConcurrentGCThread "G1 Conc#1" [stack: 0x0000004f36900000,0x0000004f36a00000] [id=9556]
  0x0000023035178800 ConcurrentGCThread "G1 Refine#0" [stack: 0x0000004f35500000,0x0000004f35600000] [id=2980]
  0x0000023035179000 ConcurrentGCThread "G1 Young RemSet Sampling" [stack: 0x0000004f35600000,0x0000004f35700000] [id=21036]

Threads with active compile tasks:

VM state:at safepoint (normal execution)

VM Mutex/Monitor currently owned by a thread:  ([mutex/lock_event])
[0x00000230163b7a20] Threads_lock - owner thread: 0x000002303532f000
[0x00000230163b7ea0] Heap_lock - owner thread: 0x00000230163ba000

Heap address: 0x0000000082200000, size: 2014 MB, Compressed Oops mode: 32-bit
Narrow klass base: 0x0000000000000000, Narrow klass shift: 3
Compressed class space size: 1073741824 Address: 0x0000000100000000

Heap:
 garbage-first heap   total 187392K, used 28672K [0x0000000082200000, 0x0000000100000000)
  region size 1024K, 7 young (7168K), 7 survivors (7168K)
 Metaspace       used 58784K, capacity 60337K, committed 60376K, reserved 1101824K
  class space    used 7548K, capacity 8179K, committed 8192K, reserved 1048576K
Heap Regions: E=young(eden), S=young(survivor), O=old, HS=humongous(starts), HC=humongous(continues), CS=collection set, F=free, A=archive, TAMS=top-at-mark-start (previous, next)
|   0|0x0000000082200000, 0x0000000082300000, 0x0000000082300000|100%|HS|  |TAMS 0x0000000082300000, 0x0000000082300000| Complete 
|   1|0x0000000082300000, 0x0000000082400000, 0x0000000082400000|100%| O|  |TAMS 0x0000000082400000, 0x0000000082400000| Untracked 
|   2|0x0000000082400000, 0x0000000082500000, 0x0000000082500000|100%| O|  |TAMS 0x0000000082500000, 0x0000000082500000| Untracked 
|   3|0x0000000082500000, 0x0000000082600000, 0x0000000082600000|100%| O|  |TAMS 0x0000000082600000, 0x0000000082600000| Untracked 
|   4|0x0000000082600000, 0x0000000082700000, 0x0000000082700000|100%| O|  |TAMS 0x0000000082700000, 0x0000000082700000| Untracked 
|   5|0x0000000082700000, 0x0000000082800000, 0x0000000082800000|100%| O|  |TAMS 0x0000000082800000, 0x0000000082800000| Untracked 
|   6|0x0000000082800000, 0x0000000082900000, 0x0000000082900000|100%| O|  |TAMS 0x0000000082900000, 0x0000000082900000| Untracked 
|   7|0x0000000082900000, 0x0000000082a00000, 0x0000000082a00000|100%| O|  |TAMS 0x0000000082a00000, 0x0000000082a00000| Untracked 
|   8|0x0000000082a00000, 0x0000000082b00000, 0x0000000082b00000|100%| O|  |TAMS 0x0000000082af6a00, 0x0000000082b00000| Untracked 
|   9|0x0000000082b00000, 0x0000000082c00000, 0x0000000082c00000|100%| O|  |TAMS 0x0000000082b00000, 0x0000000082c00000| Untracked 
|  10|0x0000000082c00000, 0x0000000082d00000, 0x0000000082d00000|100%| O|  |TAMS 0x0000000082c00000, 0x0000000082d00000| Untracked 
|  11|0x0000000082d00000, 0x0000000082e00000, 0x0000000082e00000|100%| O|  |TAMS 0x0000000082d00000, 0x0000000082e00000| Untracked 
|  12|0x0000000082e00000, 0x0000000082f00000, 0x0000000082f00000|100%| O|  |TAMS 0x0000000082e00000, 0x0000000082f00000| Untracked 
|  13|0x0000000082f00000, 0x0000000083000000, 0x0000000083000000|100%| O|  |TAMS 0x0000000082f00000, 0x0000000083000000| Untracked 
|  14|0x0000000083000000, 0x0000000083100000, 0x0000000083100000|100%| O|  |TAMS 0x0000000083000000, 0x0000000083100000| Untracked 
|  15|0x0000000083100000, 0x0000000083200000, 0x0000000083200000|100%| O|  |TAMS 0x0000000083100000, 0x0000000083200000| Untracked 
|  16|0x0000000083200000, 0x0000000083300000, 0x0000000083300000|100%| O|  |TAMS 0x0000000083200000, 0x0000000083300000| Untracked 
|  17|0x0000000083300000, 0x0000000083400000, 0x0000000083400000|100%| O|  |TAMS 0x0000000083300000, 0x0000000083400000| Untracked 
|  18|0x0000000083400000, 0x0000000083500000, 0x0000000083500000|100%| O|  |TAMS 0x0000000083400000, 0x0000000083500000| Untracked 
|  19|0x0000000083500000, 0x0000000083600000, 0x0000000083600000|100%| O|  |TAMS 0x0000000083500000, 0x0000000083600000| Untracked 
|  20|0x0000000083600000, 0x0000000083700000, 0x0000000083700000|100%| O|  |TAMS 0x0000000083600000, 0x0000000083700000| Untracked 
|  21|0x0000000083700000, 0x0000000083700000, 0x0000000083800000|  0%| F|  |TAMS 0x0000000083700000, 0x0000000083700000| Untracked 
|  22|0x0000000083800000, 0x0000000083800000, 0x0000000083900000|  0%| F|  |TAMS 0x0000000083800000, 0x0000000083800000| Untracked 
|  23|0x0000000083900000, 0x0000000083900000, 0x0000000083a00000|  0%| F|  |TAMS 0x0000000083900000, 0x0000000083900000| Untracked 
|  24|0x0000000083a00000, 0x0000000083a00000, 0x0000000083b00000|  0%| F|  |TAMS 0x0000000083a00000, 0x0000000083a00000| Untracked 
|  25|0x0000000083b00000, 0x0000000083b00000, 0x0000000083c00000|  0%| F|  |TAMS 0x0000000083b00000, 0x0000000083b00000| Untracked 
|  26|0x0000000083c00000, 0x0000000083c00000, 0x0000000083d00000|  0%| F|  |TAMS 0x0000000083c00000, 0x0000000083c00000| Untracked 
|  27|0x0000000083d00000, 0x0000000083d00000, 0x0000000083e00000|  0%| F|  |TAMS 0x0000000083d00000, 0x0000000083d00000| Untracked 
|  28|0x0000000083e00000, 0x0000000083e00000, 0x0000000083f00000|  0%| F|  |TAMS 0x0000000083e00000, 0x0000000083e00000| Untracked 
|  29|0x0000000083f00000, 0x0000000083f00000, 0x0000000084000000|  0%| F|  |TAMS 0x0000000083f00000, 0x0000000083f00000| Untracked 
|  30|0x0000000084000000, 0x0000000084000000, 0x0000000084100000|  0%| F|  |TAMS 0x0000000084000000, 0x0000000084000000| Untracked 
|  31|0x0000000084100000, 0x0000000084100000, 0x0000000084200000|  0%| F|  |TAMS 0x0000000084100000, 0x0000000084100000| Untracked 
|  32|0x0000000084200000, 0x0000000084200000, 0x0000000084300000|  0%| F|  |TAMS 0x0000000084200000, 0x0000000084200000| Untracked 
|  33|0x0000000084300000, 0x0000000084300000, 0x0000000084400000|  0%| F|  |TAMS 0x0000000084300000, 0x0000000084300000| Untracked 
|  34|0x0000000084400000, 0x0000000084400000, 0x0000000084500000|  0%| F|  |TAMS 0x0000000084400000, 0x0000000084400000| Untracked 
|  35|0x0000000084500000, 0x0000000084500000, 0x0000000084600000|  0%| F|  |TAMS 0x0000000084500000, 0x0000000084500000| Untracked 
|  36|0x0000000084600000, 0x0000000084600000, 0x0000000084700000|  0%| F|  |TAMS 0x0000000084600000, 0x0000000084600000| Untracked 
|  37|0x0000000084700000, 0x0000000084700000, 0x0000000084800000|  0%| F|  |TAMS 0x0000000084700000, 0x0000000084700000| Untracked 
|  38|0x0000000084800000, 0x0000000084800000, 0x0000000084900000|  0%| F|  |TAMS 0x0000000084800000, 0x0000000084800000| Untracked 
|  39|0x0000000084900000, 0x0000000084900000, 0x0000000084a00000|  0%| F|  |TAMS 0x0000000084900000, 0x0000000084900000| Untracked 
|  40|0x0000000084a00000, 0x0000000084a00000, 0x0000000084b00000|  0%| F|  |TAMS 0x0000000084a00000, 0x0000000084a00000| Untracked 
|  41|0x0000000084b00000, 0x0000000084b00000, 0x0000000084c00000|  0%| F|  |TAMS 0x0000000084b00000, 0x0000000084b00000| Untracked 
|  42|0x0000000084c00000, 0x0000000084c00000, 0x0000000084d00000|  0%| F|  |TAMS 0x0000000084c00000, 0x0000000084c00000| Untracked 
|  43|0x0000000084d00000, 0x0000000084d00000, 0x0000000084e00000|  0%| F|  |TAMS 0x0000000084d00000, 0x0000000084d00000| Untracked 
|  44|0x0000000084e00000, 0x0000000084e00000, 0x0000000084f00000|  0%| F|  |TAMS 0x0000000084e00000, 0x0000000084e00000| Untracked 
|  45|0x0000000084f00000, 0x0000000084f00000, 0x0000000085000000|  0%| F|  |TAMS 0x0000000084f00000, 0x0000000084f00000| Untracked 
|  46|0x0000000085000000, 0x0000000085000000, 0x0000000085100000|  0%| F|  |TAMS 0x0000000085000000, 0x0000000085000000| Untracked 
|  47|0x0000000085100000, 0x0000000085100000, 0x0000000085200000|  0%| F|  |TAMS 0x0000000085100000, 0x0000000085100000| Untracked 
|  48|0x0000000085200000, 0x0000000085200000, 0x0000000085300000|  0%| F|  |TAMS 0x0000000085200000, 0x0000000085200000| Untracked 
|  49|0x0000000085300000, 0x0000000085300000, 0x0000000085400000|  0%| F|  |TAMS 0x0000000085300000, 0x0000000085300000| Untracked 
|  50|0x0000000085400000, 0x0000000085400000, 0x0000000085500000|  0%| F|  |TAMS 0x0000000085400000, 0x0000000085400000| Untracked 
|  51|0x0000000085500000, 0x0000000085500000, 0x0000000085600000|  0%| F|  |TAMS 0x0000000085500000, 0x0000000085500000| Untracked 
|  52|0x0000000085600000, 0x0000000085600000, 0x0000000085700000|  0%| F|  |TAMS 0x0000000085600000, 0x0000000085600000| Untracked 
|  53|0x0000000085700000, 0x0000000085700000, 0x0000000085800000|  0%| F|  |TAMS 0x0000000085700000, 0x0000000085700000| Untracked 
|  54|0x0000000085800000, 0x0000000085800000, 0x0000000085900000|  0%| F|  |TAMS 0x0000000085800000, 0x0000000085800000| Untracked 
|  55|0x0000000085900000, 0x0000000085900000, 0x0000000085a00000|  0%| F|  |TAMS 0x0000000085900000, 0x0000000085900000| Untracked 
|  56|0x0000000085a00000, 0x0000000085a00000, 0x0000000085b00000|  0%| F|  |TAMS 0x0000000085a00000, 0x0000000085a00000| Untracked 
|  57|0x0000000085b00000, 0x0000000085b00000, 0x0000000085c00000|  0%| F|  |TAMS 0x0000000085b00000, 0x0000000085b00000| Untracked 
|  58|0x0000000085c00000, 0x0000000085c00000, 0x0000000085d00000|  0%| F|  |TAMS 0x0000000085c00000, 0x0000000085c00000| Untracked 
|  59|0x0000000085d00000, 0x0000000085d00000, 0x0000000085e00000|  0%| F|  |TAMS 0x0000000085d00000, 0x0000000085d00000| Untracked 
|  60|0x0000000085e00000, 0x0000000085f00000, 0x0000000085f00000|100%| S|CS|TAMS 0x0000000085e00000, 0x0000000085e00000| Complete 
|  61|0x0000000085f00000, 0x0000000086000000, 0x0000000086000000|100%| S|CS|TAMS 0x0000000085f00000, 0x0000000085f00000| Complete 
|  62|0x0000000086000000, 0x0000000086100000, 0x0000000086100000|100%| S|CS|TAMS 0x0000000086000000, 0x0000000086000000| Complete 
|  63|0x0000000086100000, 0x0000000086100000, 0x0000000086200000|  0%| F|  |TAMS 0x0000000086100000, 0x0000000086100000| Untracked 
|  64|0x0000000086200000, 0x0000000086200000, 0x0000000086300000|  0%| F|  |TAMS 0x0000000086200000, 0x0000000086200000| Untracked 
|  65|0x0000000086300000, 0x0000000086300000, 0x0000000086400000|  0%| F|  |TAMS 0x0000000086300000, 0x0000000086300000| Untracked 
|  66|0x0000000086400000, 0x0000000086400000, 0x0000000086500000|  0%| F|  |TAMS 0x0000000086400000, 0x0000000086400000| Untracked 
|  67|0x0000000086500000, 0x0000000086500000, 0x0000000086600000|  0%| F|  |TAMS 0x0000000086500000, 0x0000000086500000| Untracked 
|  68|0x0000000086600000, 0x0000000086600000, 0x0000000086700000|  0%| F|  |TAMS 0x0000000086600000, 0x0000000086600000| Untracked 
|  69|0x0000000086700000, 0x0000000086700000, 0x0000000086800000|  0%| F|  |TAMS 0x0000000086700000, 0x0000000086700000| Untracked 
|  70|0x0000000086800000, 0x0000000086800000, 0x0000000086900000|  0%| F|  |TAMS 0x0000000086800000, 0x0000000086800000| Untracked 
|  71|0x0000000086900000, 0x0000000086900000, 0x0000000086a00000|  0%| F|  |TAMS 0x0000000086900000, 0x0000000086900000| Untracked 
|  72|0x0000000086a00000, 0x0000000086b00000, 0x0000000086b00000|100%| S|CS|TAMS 0x0000000086a00000, 0x0000000086a00000| Complete 
|  73|0x0000000086b00000, 0x0000000086c00000, 0x0000000086c00000|100%| S|CS|TAMS 0x0000000086b00000, 0x0000000086b00000| Complete 
|  74|0x0000000086c00000, 0x0000000086d00000, 0x0000000086d00000|100%| S|CS|TAMS 0x0000000086c00000, 0x0000000086c00000| Complete 
|  75|0x0000000086d00000, 0x0000000086e00000, 0x0000000086e00000|100%| S|CS|TAMS 0x0000000086d00000, 0x0000000086d00000| Complete 
|  76|0x0000000086e00000, 0x0000000086e00000, 0x0000000086f00000|  0%| F|  |TAMS 0x0000000086e00000, 0x0000000086e00000| Untracked 
|  77|0x0000000086f00000, 0x0000000086f00000, 0x0000000087000000|  0%| F|  |TAMS 0x0000000086f00000, 0x0000000086f00000| Untracked 
|  78|0x0000000087000000, 0x0000000087000000, 0x0000000087100000|  0%| F|  |TAMS 0x0000000087000000, 0x0000000087000000| Untracked 
|  79|0x0000000087100000, 0x0000000087100000, 0x0000000087200000|  0%| F|  |TAMS 0x0000000087100000, 0x0000000087100000| Untracked 
|  80|0x0000000087200000, 0x0000000087200000, 0x0000000087300000|  0%| F|  |TAMS 0x0000000087200000, 0x0000000087200000| Untracked 
|  81|0x0000000087300000, 0x0000000087300000, 0x0000000087400000|  0%| F|  |TAMS 0x0000000087300000, 0x0000000087300000| Untracked 
|  82|0x0000000087400000, 0x0000000087400000, 0x0000000087500000|  0%| F|  |TAMS 0x0000000087400000, 0x0000000087400000| Untracked 
|  83|0x0000000087500000, 0x0000000087500000, 0x0000000087600000|  0%| F|  |TAMS 0x0000000087500000, 0x0000000087500000| Untracked 
|  84|0x0000000087600000, 0x0000000087600000, 0x0000000087700000|  0%| F|  |TAMS 0x0000000087600000, 0x0000000087600000| Untracked 
|  85|0x0000000087700000, 0x0000000087700000, 0x0000000087800000|  0%| F|  |TAMS 0x0000000087700000, 0x0000000087700000| Untracked 
|  86|0x0000000087800000, 0x0000000087800000, 0x0000000087900000|  0%| F|  |TAMS 0x0000000087800000, 0x0000000087800000| Untracked 
|  87|0x0000000087900000, 0x0000000087900000, 0x0000000087a00000|  0%| F|  |TAMS 0x0000000087900000, 0x0000000087900000| Untracked 
|  88|0x0000000087a00000, 0x0000000087a00000, 0x0000000087b00000|  0%| F|  |TAMS 0x0000000087a00000, 0x0000000087a00000| Untracked 
|  89|0x0000000087b00000, 0x0000000087b00000, 0x0000000087c00000|  0%| F|  |TAMS 0x0000000087b00000, 0x0000000087b00000| Untracked 
|  90|0x0000000087c00000, 0x0000000087c00000, 0x0000000087d00000|  0%| F|  |TAMS 0x0000000087c00000, 0x0000000087c00000| Untracked 
|  91|0x0000000087d00000, 0x0000000087d00000, 0x0000000087e00000|  0%| F|  |TAMS 0x0000000087d00000, 0x0000000087d00000| Untracked 
|  92|0x0000000087e00000, 0x0000000087e00000, 0x0000000087f00000|  0%| F|  |TAMS 0x0000000087e00000, 0x0000000087e00000| Untracked 
|  93|0x0000000087f00000, 0x0000000087f00000, 0x0000000088000000|  0%| F|  |TAMS 0x0000000087f00000, 0x0000000087f00000| Untracked 
|  94|0x0000000088000000, 0x0000000088000000, 0x0000000088100000|  0%| F|  |TAMS 0x0000000088000000, 0x0000000088000000| Untracked 
|  95|0x0000000088100000, 0x0000000088100000, 0x0000000088200000|  0%| F|  |TAMS 0x0000000088100000, 0x0000000088100000| Untracked 
|  96|0x0000000088200000, 0x0000000088200000, 0x0000000088300000|  0%| F|  |TAMS 0x0000000088200000, 0x0000000088200000| Untracked 
|  97|0x0000000088300000, 0x0000000088300000, 0x0000000088400000|  0%| F|  |TAMS 0x0000000088300000, 0x0000000088300000| Untracked 
|  98|0x0000000088400000, 0x0000000088400000, 0x0000000088500000|  0%| F|  |TAMS 0x0000000088400000, 0x0000000088400000| Untracked 
|  99|0x0000000088500000, 0x0000000088500000, 0x0000000088600000|  0%| F|  |TAMS 0x0000000088500000, 0x0000000088500000| Untracked 
| 100|0x0000000088600000, 0x0000000088600000, 0x0000000088700000|  0%| F|  |TAMS 0x0000000088600000, 0x0000000088600000| Untracked 
| 101|0x0000000088700000, 0x0000000088700000, 0x0000000088800000|  0%| F|  |TAMS 0x0000000088700000, 0x0000000088700000| Untracked 
| 102|0x0000000088800000, 0x0000000088800000, 0x0000000088900000|  0%| F|  |TAMS 0x0000000088800000, 0x0000000088800000| Untracked 
| 103|0x0000000088900000, 0x0000000088900000, 0x0000000088a00000|  0%| F|  |TAMS 0x0000000088900000, 0x0000000088900000| Untracked 
| 104|0x0000000088a00000, 0x0000000088a00000, 0x0000000088b00000|  0%| F|  |TAMS 0x0000000088a00000, 0x0000000088a00000| Untracked 
| 105|0x0000000088b00000, 0x0000000088b00000, 0x0000000088c00000|  0%| F|  |TAMS 0x0000000088b00000, 0x0000000088b00000| Untracked 
| 106|0x0000000088c00000, 0x0000000088c00000, 0x0000000088d00000|  0%| F|  |TAMS 0x0000000088c00000, 0x0000000088c00000| Untracked 
| 107|0x0000000088d00000, 0x0000000088d00000, 0x0000000088e00000|  0%| F|  |TAMS 0x0000000088d00000, 0x0000000088d00000| Untracked 
| 108|0x0000000088e00000, 0x0000000088e00000, 0x0000000088f00000|  0%| F|  |TAMS 0x0000000088e00000, 0x0000000088e00000| Untracked 
| 109|0x0000000088f00000, 0x0000000088f00000, 0x0000000089000000|  0%| F|  |TAMS 0x0000000088f00000, 0x0000000088f00000| Untracked 
| 110|0x0000000089000000, 0x0000000089000000, 0x0000000089100000|  0%| F|  |TAMS 0x0000000089000000, 0x0000000089000000| Untracked 
| 111|0x0000000089100000, 0x0000000089100000, 0x0000000089200000|  0%| F|  |TAMS 0x0000000089100000, 0x0000000089100000| Untracked 
| 112|0x0000000089200000, 0x0000000089200000, 0x0000000089300000|  0%| F|  |TAMS 0x0000000089200000, 0x0000000089200000| Untracked 
| 113|0x0000000089300000, 0x0000000089300000, 0x0000000089400000|  0%| F|  |TAMS 0x0000000089300000, 0x0000000089300000| Untracked 
| 114|0x0000000089400000, 0x0000000089400000, 0x0000000089500000|  0%| F|  |TAMS 0x0000000089400000, 0x0000000089400000| Untracked 
| 115|0x0000000089500000, 0x0000000089500000, 0x0000000089600000|  0%| F|  |TAMS 0x0000000089500000, 0x0000000089500000| Untracked 
| 116|0x0000000089600000, 0x0000000089600000, 0x0000000089700000|  0%| F|  |TAMS 0x0000000089600000, 0x0000000089600000| Untracked 
| 117|0x0000000089700000, 0x0000000089700000, 0x0000000089800000|  0%| F|  |TAMS 0x0000000089700000, 0x0000000089700000| Untracked 
| 118|0x0000000089800000, 0x0000000089800000, 0x0000000089900000|  0%| F|  |TAMS 0x0000000089800000, 0x0000000089800000| Untracked 
| 119|0x0000000089900000, 0x0000000089900000, 0x0000000089a00000|  0%| F|  |TAMS 0x0000000089900000, 0x0000000089900000| Untracked 
| 120|0x0000000089a00000, 0x0000000089a00000, 0x0000000089b00000|  0%| F|  |TAMS 0x0000000089a00000, 0x0000000089a00000| Untracked 
| 121|0x0000000089b00000, 0x0000000089b00000, 0x0000000089c00000|  0%| F|  |TAMS 0x0000000089b00000, 0x0000000089b00000| Untracked 
| 122|0x0000000089c00000, 0x0000000089c00000, 0x0000000089d00000|  0%| F|  |TAMS 0x0000000089c00000, 0x0000000089c00000| Untracked 
| 123|0x0000000089d00000, 0x0000000089d00000, 0x0000000089e00000|  0%| F|  |TAMS 0x0000000089d00000, 0x0000000089d00000| Untracked 
| 124|0x0000000089e00000, 0x0000000089e00000, 0x0000000089f00000|  0%| F|  |TAMS 0x0000000089e00000, 0x0000000089e00000| Untracked 
| 125|0x0000000089f00000, 0x0000000089f00000, 0x000000008a000000|  0%| F|  |TAMS 0x0000000089f00000, 0x0000000089f00000| Untracked 
| 126|0x000000008a000000, 0x000000008a000000, 0x000000008a100000|  0%| F|  |TAMS 0x000000008a000000, 0x000000008a000000| Untracked 
| 127|0x000000008a100000, 0x000000008a100000, 0x000000008a200000|  0%| F|  |TAMS 0x000000008a100000, 0x000000008a100000| Untracked 
| 128|0x000000008a200000, 0x000000008a200000, 0x000000008a300000|  0%| F|  |TAMS 0x000000008a200000, 0x000000008a200000| Untracked 
| 129|0x000000008a300000, 0x000000008a300000, 0x000000008a400000|  0%| F|  |TAMS 0x000000008a300000, 0x000000008a300000| Untracked 
| 130|0x000000008a400000, 0x000000008a400000, 0x000000008a500000|  0%| F|  |TAMS 0x000000008a400000, 0x000000008a400000| Untracked 
| 131|0x000000008a500000, 0x000000008a500000, 0x000000008a600000|  0%| F|  |TAMS 0x000000008a500000, 0x000000008a500000| Untracked 
| 132|0x000000008a600000, 0x000000008a600000, 0x000000008a700000|  0%| F|  |TAMS 0x000000008a600000, 0x000000008a600000| Untracked 
| 133|0x000000008a700000, 0x000000008a700000, 0x000000008a800000|  0%| F|  |TAMS 0x000000008a700000, 0x000000008a700000| Untracked 
| 134|0x000000008a800000, 0x000000008a800000, 0x000000008a900000|  0%| F|  |TAMS 0x000000008a800000, 0x000000008a800000| Untracked 
| 135|0x000000008a900000, 0x000000008a900000, 0x000000008aa00000|  0%| F|  |TAMS 0x000000008a900000, 0x000000008a900000| Untracked 
| 136|0x000000008aa00000, 0x000000008aa00000, 0x000000008ab00000|  0%| F|  |TAMS 0x000000008aa00000, 0x000000008aa00000| Untracked 
| 137|0x000000008ab00000, 0x000000008ab00000, 0x000000008ac00000|  0%| F|  |TAMS 0x000000008ab00000, 0x000000008ab00000| Untracked 
| 138|0x000000008ac00000, 0x000000008ac00000, 0x000000008ad00000|  0%| F|  |TAMS 0x000000008ac00000, 0x000000008ac00000| Untracked 
| 139|0x000000008ad00000, 0x000000008ad00000, 0x000000008ae00000|  0%| F|  |TAMS 0x000000008ad00000, 0x000000008ad00000| Untracked 
| 140|0x000000008ae00000, 0x000000008ae00000, 0x000000008af00000|  0%| F|  |TAMS 0x000000008ae00000, 0x000000008ae00000| Untracked 
| 141|0x000000008af00000, 0x000000008af00000, 0x000000008b000000|  0%| F|  |TAMS 0x000000008af00000, 0x000000008af00000| Untracked 
| 142|0x000000008b000000, 0x000000008b000000, 0x000000008b100000|  0%| F|  |TAMS 0x000000008b000000, 0x000000008b000000| Untracked 
| 143|0x000000008b100000, 0x000000008b100000, 0x000000008b200000|  0%| F|  |TAMS 0x000000008b100000, 0x000000008b100000| Untracked 
| 144|0x000000008b200000, 0x000000008b200000, 0x000000008b300000|  0%| F|  |TAMS 0x000000008b200000, 0x000000008b200000| Untracked 
| 145|0x000000008b300000, 0x000000008b300000, 0x000000008b400000|  0%| F|  |TAMS 0x000000008b300000, 0x000000008b300000| Untracked 
| 146|0x000000008b400000, 0x000000008b400000, 0x000000008b500000|  0%| F|  |TAMS 0x000000008b400000, 0x000000008b400000| Untracked 
| 147|0x000000008b500000, 0x000000008b500000, 0x000000008b600000|  0%| F|  |TAMS 0x000000008b500000, 0x000000008b500000| Untracked 
| 148|0x000000008b600000, 0x000000008b600000, 0x000000008b700000|  0%| F|  |TAMS 0x000000008b600000, 0x000000008b600000| Untracked 
| 149|0x000000008b700000, 0x000000008b700000, 0x000000008b800000|  0%| F|  |TAMS 0x000000008b700000, 0x000000008b700000| Untracked 
| 150|0x000000008b800000, 0x000000008b800000, 0x000000008b900000|  0%| F|  |TAMS 0x000000008b800000, 0x000000008b800000| Untracked 
| 151|0x000000008b900000, 0x000000008b900000, 0x000000008ba00000|  0%| F|  |TAMS 0x000000008b900000, 0x000000008b900000| Untracked 

Card table byte_map: [0x000002302e1e0000,0x000002302e5d0000] _byte_map_base: 0x000002302ddcf000

Marking Bits (Prev, Next): (CMBitMap*) 0x00000230163fd5f8, (CMBitMap*) 0x00000230163fd630
 Prev Bits: [0x000002302e9c0000, 0x0000023030938000)
 Next Bits: [0x0000023030940000, 0x00000230328b8000)

Polling page: 0x0000023014360000

Metaspace:

Usage:
  Non-class:     50.94 MB capacity,    50.04 MB ( 98%) used,   733.52 KB (  1%) free+waste,   188.44 KB ( <1%) overhead. 
      Class:      7.99 MB capacity,     7.37 MB ( 92%) used,   539.62 KB (  7%) free+waste,    91.19 KB (  1%) overhead. 
       Both:     58.92 MB capacity,    57.41 MB ( 97%) used,     1.24 MB (  2%) free+waste,   279.63 KB ( <1%) overhead. 

Virtual space:
  Non-class space:       52.00 MB reserved,      50.96 MB ( 98%) committed 
      Class space:        1.00 GB reserved,       8.00 MB ( <1%) committed 
             Both:        1.05 GB reserved,      58.96 MB (  5%) committed 

Chunk freelists:
   Non-Class:  2.00 KB
       Class:  13.00 KB
        Both:  15.00 KB

MaxMetaspaceSize: 17179869184.00 GB
CompressedClassSpaceSize: 1.00 GB

CodeHeap 'non-profiled nmethods': size=238336Kb used=9484Kb max_used=9484Kb free=228852Kb
 bounds [0x000002301f200000, 0x000002301fb50000, 0x000002302dac0000]
CodeHeap 'non-nmethods': size=7424Kb used=1262Kb max_used=1262Kb free=6161Kb
 bounds [0x000002301eac0000, 0x000002301ed30000, 0x000002301f200000]
 total_blobs=6956 nmethods=6314 adapters=567
 compilation: enabled
              stopped_count=0, restarted_count=0
 full_count=0

Compilation events (20 events):
Event: 16.677 Thread 0x0000023035356000 6304  s    1       java.beans.PropertyDescriptor::setReadMethod (22 bytes)
Event: 16.678 Thread 0x0000023035356000 nmethod 6304 0x000002301fb3e010 code [0x000002301fb3e200, 0x000002301fb3e5b8]
Event: 16.678 Thread 0x0000023035356000 6305  s    1       java.beans.PropertyDescriptor::setWriteMethod (19 bytes)
Event: 16.679 Thread 0x0000023035356000 nmethod 6305 0x000002301fb3e710 code [0x000002301fb3e900, 0x000002301fb3ecb8]
Event: 16.684 Thread 0x0000023035356000 6306       1       org.springframework.core.ResolvableType::forRawClass (10 bytes)
Event: 16.684 Thread 0x0000023035356000 nmethod 6306 0x000002301fb3ee10 code [0x000002301fb3efc0, 0x000002301fb3f128]
Event: 16.684 Thread 0x0000023035356000 6307       1       org.springframework.core.ResolvableType$1::<init> (12 bytes)
Event: 16.684 Thread 0x0000023035356000 nmethod 6307 0x000002301fb3f210 code [0x000002301fb3f3c0, 0x000002301fb3f4e8]
Event: 16.684 Thread 0x0000023035356000 6308       1       org.springframework.core.ResolvableType::<init> (6 bytes)
Event: 16.684 Thread 0x0000023035356000 nmethod 6308 0x000002301fb3f590 code [0x000002301fb3f740, 0x000002301fb3f808]
Event: 16.684 Thread 0x0000023035356000 6309       1       org.springframework.core.annotation.AnnotatedElementUtils$AnnotatedElementForAnnotations::getDeclaredAnnotations (11 bytes)
Event: 16.685 Thread 0x0000023035356000 nmethod 6309 0x000002301fb3f890 code [0x000002301fb3fa40, 0x000002301fb3fb68]
Event: 16.705 Thread 0x0000023035356000 6310       1       org.springframework.asm.MethodVisitor::visitVarInsn (17 bytes)
Event: 16.705 Thread 0x0000023035356000 nmethod 6310 0x000002301fb3fc10 code [0x000002301fb3fdc0, 0x000002301fb3fea8]
Event: 16.706 Thread 0x0000023035356000 6311       1       org.springframework.asm.Label::accept (65 bytes)
Event: 16.706 Thread 0x0000023035356000 nmethod 6311 0x000002301fb3ff10 code [0x000002301fb400e0, 0x000002301fb402e8]
Event: 16.738 Thread 0x0000023035356000 6313       1       org.springframework.beans.factory.support.RootBeanDefinition::getResolvedFactoryMethod (5 bytes)
Event: 16.738 Thread 0x0000023035356000 nmethod 6313 0x000002301fb40690 code [0x000002301fb40840, 0x000002301fb408f8]
Event: 16.774 Thread 0x0000023035356000 6314   !   1       java.util.concurrent.ConcurrentHashMap::transfer (828 bytes)
Event: 16.779 Thread 0x0000023035356000 nmethod 6314 0x000002301fb40990 code [0x000002301fb40c40, 0x000002301fb42428]

GC Heap History (17 events):
Event: 1.777 GC heap before
{Heap before GC invocations=0 (full 0):
 garbage-first heap   total 129024K, used 24576K [0x0000000082200000, 0x0000000100000000)
  region size 1024K, 24 young (24576K), 0 survivors (0K)
 Metaspace       used 13825K, capacity 14234K, committed 14464K, reserved 1062912K
  class space    used 1439K, capacity 1557K, committed 1664K, reserved 1048576K
}
Event: 1.791 GC heap after
{Heap after GC invocations=1 (full 0):
 garbage-first heap   total 129024K, used 9099K [0x0000000082200000, 0x0000000100000000)
  region size 1024K, 3 young (3072K), 3 survivors (3072K)
 Metaspace       used 13825K, capacity 14234K, committed 14464K, reserved 1062912K
  class space    used 1439K, capacity 1557K, committed 1664K, reserved 1048576K
}
Event: 2.132 GC heap before
{Heap before GC invocations=1 (full 0):
 garbage-first heap   total 129024K, used 27531K [0x0000000082200000, 0x0000000100000000)
  region size 1024K, 21 young (21504K), 3 survivors (3072K)
 Metaspace       used 17132K, capacity 17702K, committed 18048K, reserved 1064960K
  class space    used 1890K, capacity 2072K, committed 2176K, reserved 1048576K
}
Event: 2.139 GC heap after
{Heap after GC invocations=2 (full 0):
 garbage-first heap   total 129024K, used 10202K [0x0000000082200000, 0x0000000100000000)
  region size 1024K, 1 young (1024K), 1 survivors (1024K)
 Metaspace       used 17132K, capacity 17702K, committed 18048K, reserved 1064960K
  class space    used 1890K, capacity 2072K, committed 2176K, reserved 1048576K
}
Event: 2.555 GC heap before
{Heap before GC invocations=2 (full 0):
 garbage-first heap   total 129024K, used 31706K [0x0000000082200000, 0x0000000100000000)
  region size 1024K, 24 young (24576K), 1 survivors (1024K)
 Metaspace       used 20455K, capacity 21177K, committed 21296K, reserved 1069056K
  class space    used 2397K, capacity 2670K, committed 2688K, reserved 1048576K
}
Event: 2.563 GC heap after
{Heap after GC invocations=3 (full 0):
 garbage-first heap   total 129024K, used 11375K [0x0000000082200000, 0x0000000100000000)
  region size 1024K, 3 young (3072K), 3 survivors (3072K)
 Metaspace       used 20455K, capacity 21177K, committed 21296K, reserved 1069056K
  class space    used 2397K, capacity 2670K, committed 2688K, reserved 1048576K
}
Event: 2.992 GC heap before
{Heap before GC invocations=4 (full 0):
 garbage-first heap   total 129024K, used 59503K [0x0000000082200000, 0x0000000100000000)
  region size 1024K, 49 young (50176K), 3 survivors (3072K)
 Metaspace       used 26457K, capacity 27337K, committed 27520K, reserved 1073152K
  class space    used 3059K, capacity 3404K, committed 3456K, reserved 1048576K
}
Event: 3.001 GC heap after
{Heap after GC invocations=5 (full 0):
 garbage-first heap   total 129024K, used 12609K [0x0000000082200000, 0x0000000100000000)
  region size 1024K, 4 young (4096K), 4 survivors (4096K)
 Metaspace       used 26457K, capacity 27337K, committed 27520K, reserved 1073152K
  class space    used 3059K, capacity 3404K, committed 3456K, reserved 1048576K
}
Event: 3.456 GC heap before
{Heap before GC invocations=5 (full 0):
 garbage-first heap   total 129024K, used 84289K [0x0000000082200000, 0x0000000100000000)
  region size 1024K, 75 young (76800K), 4 survivors (4096K)
 Metaspace       used 29357K, capacity 30214K, committed 30464K, reserved 1075200K
  class space    used 3413K, capacity 3767K, committed 3840K, reserved 1048576K
}
Event: 3.465 GC heap after
{Heap after GC invocations=6 (full 0):
 garbage-first heap   total 155648K, used 13868K [0x0000000082200000, 0x0000000100000000)
  region size 1024K, 5 young (5120K), 5 survivors (5120K)
 Metaspace       used 29357K, capacity 30214K, committed 30464K, reserved 1075200K
  class space    used 3413K, capacity 3767K, committed 3840K, reserved 1048576K
}
Event: 4.847 GC heap before
{Heap before GC invocations=6 (full 0):
 garbage-first heap   total 155648K, used 88620K [0x0000000082200000, 0x0000000100000000)
  region size 1024K, 79 young (80896K), 5 survivors (5120K)
 Metaspace       used 34847K, capacity 35919K, committed 35968K, reserved 1081344K
  class space    used 4241K, capacity 4701K, committed 4736K, reserved 1048576K
}
Event: 4.872 GC heap after
{Heap after GC invocations=7 (full 0):
 garbage-first heap   total 155648K, used 16610K [0x0000000082200000, 0x0000000100000000)
  region size 1024K, 8 young (8192K), 8 survivors (8192K)
 Metaspace       used 34847K, capacity 35919K, committed 35968K, reserved 1081344K
  class space    used 4241K, capacity 4701K, committed 4736K, reserved 1048576K
}
Event: 7.529 GC heap before
{Heap before GC invocations=8 (full 0):
 garbage-first heap   total 155648K, used 101602K [0x0000000082200000, 0x0000000100000000)
  region size 1024K, 91 young (93184K), 8 survivors (8192K)
 Metaspace       used 48700K, capacity 50010K, committed 50304K, reserved 1093632K
  class space    used 6196K, capacity 6703K, committed 6784K, reserved 1048576K
}
Event: 7.560 GC heap after
{Heap after GC invocations=9 (full 0):
 garbage-first heap   total 155648K, used 21744K [0x0000000082200000, 0x0000000100000000)
  region size 1024K, 11 young (11264K), 11 survivors (11264K)
 Metaspace       used 48700K, capacity 50010K, committed 50304K, reserved 1093632K
  class space    used 6196K, capacity 6703K, committed 6784K, reserved 1048576K
}
Event: 15.534 GC heap before
{Heap before GC invocations=9 (full 0):
 garbage-first heap   total 155648K, used 103664K [0x0000000082200000, 0x0000000100000000)
  region size 1024K, 91 young (93184K), 11 survivors (11264K)
 Metaspace       used 54727K, capacity 56136K, committed 56320K, reserved 1097728K
  class space    used 7045K, capacity 7608K, committed 7680K, reserved 1048576K
}
Event: 15.558 GC heap after
{Heap after GC invocations=10 (full 0):
 garbage-first heap   total 155648K, used 25398K [0x0000000082200000, 0x0000000100000000)
  region size 1024K, 9 young (9216K), 9 survivors (9216K)
 Metaspace       used 54727K, capacity 56136K, committed 56320K, reserved 1097728K
  class space    used 7045K, capacity 7608K, committed 7680K, reserved 1048576K
}
Event: 16.800 GC heap before
{Heap before GC invocations=10 (full 0):
 garbage-first heap   total 155648K, used 102198K [0x0000000082200000, 0x0000000100000000)
  region size 1024K, 85 young (87040K), 9 survivors (9216K)
 Metaspace       used 58784K, capacity 60337K, committed 60376K, reserved 1101824K
  class space    used 7548K, capacity 8179K, committed 8192K, reserved 1048576K
}

Deoptimization events (6 events):
Event: 1.910 Thread 0x0000023037305000 DEOPT PACKING pc=0x000002301f3da98c sp=0x0000004f367fdfd0
Event: 1.910 Thread 0x0000023037305000 DEOPT UNPACKING pc=0x000002301eae6dde sp=0x0000004f367fd4e0 mode 0
Event: 4.216 Thread 0x00000230163ba000 DEOPT PACKING pc=0x000002301f4d0164 sp=0x0000004f351fd5c0
Event: 4.216 Thread 0x00000230163ba000 DEOPT UNPACKING pc=0x000002301eae6dde sp=0x0000004f351fcb28 mode 0
Event: 16.774 Thread 0x00000230163ba000 DEOPT PACKING pc=0x000002301f5915b7 sp=0x0000004f351fc260
Event: 16.774 Thread 0x00000230163ba000 DEOPT UNPACKING pc=0x000002301eae6dde sp=0x0000004f351fb768 mode 3

Classes redefined (0 events):
No events

Internal exceptions (20 events):
Event: 16.439 Thread 0x00000230163ba000 Exception <a 'java/lang/ClassNotFoundException'{0x0000000088213cb8}: org/springframework/security/config/annotation/web/configuration/WebSecurityConfigurerAdapterCustomizer> (0x0000000088213cb8) thrown at [./src/hotspot/share/classfile/systemDictionary.cpp, line 231]
Event: 16.440 Thread 0x00000230163ba000 Exception <a 'java/lang/ClassNotFoundException'{0x0000000088234ab8}: com/onegateafrica/security/WebSecurityConfigCustomizer> (0x0000000088234ab8) thrown at [./src/hotspot/share/classfile/systemDictionary.cpp, line 231]
Event: 16.441 Thread 0x00000230163ba000 Exception <a 'java/lang/ClassNotFoundException'{0x00000000882549e8}: com/onegateafrica/security/WebSecurityConfig$$EnhancerBySpringCGLIB$$a6dbe98bCustomizer> (0x00000000882549e8) thrown at [./src/hotspot/share/classfile/systemDictionary.cpp, line 231]
Event: 16.442 Thread 0x00000230163ba000 Exception <a 'java/lang/ClassNotFoundException'{0x0000000088281770}: org/springframework/context/annotation/ConfigurationClassEnhancer$EnhancedConfigurationCustomizer> (0x0000000088281770) thrown at [./src/hotspot/share/classfile/systemDictionary.cpp, line 231]
Event: 16.443 Thread 0x00000230163ba000 Exception <a 'java/lang/ClassNotFoundException'{0x00000000882986b0}: org/springframework/beans/factory/BeanFactoryAwareCustomizer> (0x00000000882986b0) thrown at [./src/hotspot/share/classfile/systemDictionary.cpp, line 231]
Event: 16.444 Thread 0x00000230163ba000 Exception <a 'java/lang/ClassNotFoundException'{0x00000000882ae350}: org/springframework/beans/factory/AwareCustomizer> (0x00000000882ae350) thrown at [./src/hotspot/share/classfile/systemDictionary.cpp, line 231]
Event: 16.444 Thread 0x00000230163ba000 Exception <a 'java/lang/ClassNotFoundException'{0x00000000882c8f80}: org/springframework/security/config/annotation/web/WebSecurityConfigurerCustomizer> (0x00000000882c8f80) thrown at [./src/hotspot/share/classfile/systemDictionary.cpp, line 231]
Event: 16.445 Thread 0x00000230163ba000 Exception <a 'java/lang/ClassNotFoundException'{0x00000000882e2dc0}: org/springframework/security/config/annotation/SecurityConfigurerCustomizer> (0x00000000882e2dc0) thrown at [./src/hotspot/share/classfile/systemDictionary.cpp, line 231]
Event: 16.451 Thread 0x00000230163ba000 Exception <a 'java/lang/ClassNotFoundException'{0x000000008813b620}: java/lang/ObjectCustomizer> (0x000000008813b620) thrown at [./src/hotspot/share/classfile/systemDictionary.cpp, line 231]
Event: 16.452 Thread 0x00000230163ba000 Exception <a 'java/lang/ClassNotFoundException'{0x000000008815e910}: org/springframework/security/config/annotation/authentication/configuration/AuthenticationConfigurationCustomizer> (0x000000008815e910) thrown at [./src/hotspot/share/classfile/systemDictionary.cpp, line 231]
Event: 16.539 Thread 0x00000230163ba000 Exception <a 'java/io/FileNotFoundException'{0x0000000087d9aea8}> (0x0000000087d9aea8) thrown at [./src/hotspot/share/prims/jni.cpp, line 615]
Event: 16.539 Thread 0x00000230163ba000 Exception <a 'java/io/FileNotFoundException'{0x0000000087d9bc10}> (0x0000000087d9bc10) thrown at [./src/hotspot/share/prims/jni.cpp, line 615]
Event: 16.604 Thread 0x00000230163ba000 Exception <a 'java/lang/reflect/InvocationTargetException'{0x0000000087742cc8}> (0x0000000087742cc8) thrown at [./src/hotspot/share/runtime/reflection.cpp, line 1247]
Event: 16.608 Thread 0x00000230163ba000 Exception <a 'java/lang/reflect/InvocationTargetException'{0x000000008774fa40}> (0x000000008774fa40) thrown at [./src/hotspot/share/runtime/reflection.cpp, line 1247]
Event: 16.676 Thread 0x00000230163ba000 Exception <a 'java/lang/ClassNotFoundException'{0x00000000874779e8}: java/lang/ObjectCustomizer> (0x00000000874779e8) thrown at [./src/hotspot/share/classfile/systemDictionary.cpp, line 231]
Event: 16.677 Thread 0x00000230163ba000 Exception <a 'java/lang/ClassNotFoundException'{0x0000000087498640}: org/springframework/security/config/annotation/web/configuration/WebSecurityConfigurationCustomizer> (0x0000000087498640) thrown at [./src/hotspot/share/classfile/systemDictionary.cpp, line 231]
Event: 16.679 Thread 0x00000230163ba000 Exception <a 'java/lang/ClassNotFoundException'{0x00000000874b9590}: org/springframework/context/annotation/ImportAwareCustomizer> (0x00000000874b9590) thrown at [./src/hotspot/share/classfile/systemDictionary.cpp, line 231]
Event: 16.680 Thread 0x00000230163ba000 Exception <a 'java/lang/ClassNotFoundException'{0x00000000874ce528}: org/springframework/beans/factory/AwareCustomizer> (0x00000000874ce528) thrown at [./src/hotspot/share/classfile/systemDictionary.cpp, line 231]
Event: 16.681 Thread 0x00000230163ba000 Exception <a 'java/lang/ClassNotFoundException'{0x00000000874e53a0}: org/springframework/beans/factory/BeanClassLoaderAwareCustomizer> (0x00000000874e53a0) thrown at [./src/hotspot/share/classfile/systemDictionary.cpp, line 231]
Event: 16.682 Thread 0x00000230163ba000 Exception <a 'java/lang/ClassNotFoundException'{0x00000000874fa348}: org/springframework/beans/factory/AwareCustomizer> (0x00000000874fa348) thrown at [./src/hotspot/share/classfile/systemDictionary.cpp, line 231]

Events (20 events):
Event: 16.784 loading class org/springframework/security/web/context/SecurityContextPersistenceFilter done
Event: 16.784 loading class org/springframework/security/web/header/HeaderWriterFilter
Event: 16.784 loading class org/springframework/security/web/header/HeaderWriterFilter done
Event: 16.786 loading class org/springframework/web/filter/CorsFilter
Event: 16.786 loading class org/springframework/web/filter/CorsFilter done
Event: 16.787 loading class org/springframework/security/web/csrf/CsrfFilter
Event: 16.787 loading class org/springframework/security/web/csrf/CsrfFilter done
Event: 16.789 loading class org/springframework/security/web/authentication/logout/LogoutFilter
Event: 16.789 loading class org/springframework/security/web/authentication/logout/LogoutFilter done
Event: 16.790 loading class org/springframework/security/web/authentication/preauth/x509/X509AuthenticationFilter
Event: 16.790 loading class org/springframework/security/web/authentication/preauth/x509/X509AuthenticationFilter done
Event: 16.792 loading class org/springframework/security/web/authentication/preauth/AbstractPreAuthenticatedProcessingFilter
Event: 16.792 loading class org/springframework/security/web/authentication/preauth/AbstractPreAuthenticatedProcessingFilter done
Event: 16.794 loading class org/springframework/security/web/authentication/UsernamePasswordAuthenticationFilter
Event: 16.794 loading class org/springframework/security/web/authentication/UsernamePasswordAuthenticationFilter done
Event: 16.796 loading class org/springframework/security/web/authentication/AbstractAuthenticationProcessingFilter
Event: 16.796 loading class org/springframework/security/web/authentication/AbstractAuthenticationProcessingFilter done
Event: 16.798 loading class org/springframework/security/web/authentication/ui/DefaultLoginPageGeneratingFilter
Event: 16.798 loading class org/springframework/security/web/authentication/ui/DefaultLoginPageGeneratingFilter done
Event: 16.800 Executing VM operation: CollectForMetadataAllocation


Dynamic libraries:
0x00007ff654200000 - 0x00007ff65420d000 	C:\Users\dell\.jdks\corretto-11.0.11\bin\java.exe
0x00007fff322b0000 - 0x00007fff324a5000 	C:\WINDOWS\SYSTEM32\ntdll.dll
0x00007fff30d80000 - 0x00007fff30e3d000 	C:\WINDOWS\System32\KERNEL32.DLL
0x00007fff30050000 - 0x00007fff30318000 	C:\WINDOWS\System32\KERNELBASE.dll
0x00007fff2fcc0000 - 0x00007fff2fdc0000 	C:\WINDOWS\System32\ucrtbase.dll
0x00007fff2b220000 - 0x00007fff2b237000 	C:\Users\dell\.jdks\corretto-11.0.11\bin\jli.dll
0x00007fff30320000 - 0x00007fff304c0000 	C:\WINDOWS\System32\USER32.dll
0x00007fff2fad0000 - 0x00007fff2faf2000 	C:\WINDOWS\System32\win32u.dll
0x00007fff31490000 - 0x00007fff314ba000 	C:\WINDOWS\System32\GDI32.dll
0x00007fff2fb00000 - 0x00007fff2fc0b000 	C:\WINDOWS\System32\gdi32full.dll
0x00007fff2ff80000 - 0x00007fff3001d000 	C:\WINDOWS\System32\msvcp_win.dll
0x00007fff1db90000 - 0x00007fff1dba9000 	C:\Users\dell\.jdks\corretto-11.0.11\bin\VCRUNTIME140.dll
0x00007fff0f990000 - 0x00007fff0fc2a000 	C:\WINDOWS\WinSxS\amd64_microsoft.windows.common-controls_6595b64144ccf1df_6.0.19041.1052_none_60b8f8fd71f5e8cb\COMCTL32.dll
0x00007fff30920000 - 0x00007fff309be000 	C:\WINDOWS\System32\msvcrt.dll
0x00007fff30ae0000 - 0x00007fff30b10000 	C:\WINDOWS\System32\IMM32.DLL
0x00007fff0aef0000 - 0x00007fff0af8b000 	C:\Users\dell\.jdks\corretto-11.0.11\bin\msvcp140.dll
0x00007ffed0c70000 - 0x00007ffed17bc000 	C:\Users\dell\.jdks\corretto-11.0.11\bin\server\jvm.dll
0x00007fff30560000 - 0x00007fff3060c000 	C:\WINDOWS\System32\ADVAPI32.dll
0x00007fff304c0000 - 0x00007fff3055b000 	C:\WINDOWS\System32\sechost.dll
0x00007fff32140000 - 0x00007fff3226b000 	C:\WINDOWS\System32\RPCRT4.dll
0x00007fff30910000 - 0x00007fff30918000 	C:\WINDOWS\System32\PSAPI.DLL
0x00007fff11910000 - 0x00007fff11919000 	C:\WINDOWS\SYSTEM32\WSOCK32.dll
0x00007fff310c0000 - 0x00007fff3112b000 	C:\WINDOWS\System32\WS2_32.dll
0x00007fff13680000 - 0x00007fff136a7000 	C:\WINDOWS\SYSTEM32\WINMM.dll
0x00007fff2af10000 - 0x00007fff2af1a000 	C:\WINDOWS\SYSTEM32\VERSION.dll
0x00007fff2d940000 - 0x00007fff2d952000 	C:\WINDOWS\SYSTEM32\kernel.appcore.dll
0x00007fff1db80000 - 0x00007fff1db90000 	C:\Users\dell\.jdks\corretto-11.0.11\bin\verify.dll
0x00007fff22770000 - 0x00007fff22954000 	C:\WINDOWS\SYSTEM32\DBGHELP.DLL
0x00007fff137b0000 - 0x00007fff137dc000 	C:\WINDOWS\SYSTEM32\dbgcore.DLL
0x00007fff2fa40000 - 0x00007fff2fac3000 	C:\WINDOWS\System32\bcryptPrimitives.dll
0x00007fff1db50000 - 0x00007fff1db78000 	C:\Users\dell\.jdks\corretto-11.0.11\bin\java.dll
0x00007fff1db40000 - 0x00007fff1db4a000 	C:\Users\dell\.jdks\corretto-11.0.11\bin\jimage.dll
0x00007fff191a0000 - 0x00007fff191ae000 	C:\Users\dell\.jdks\corretto-11.0.11\bin\instrument.dll
0x00007fff1d950000 - 0x00007fff1d967000 	C:\Users\dell\.jdks\corretto-11.0.11\bin\zip.dll
0x00007fff319a0000 - 0x00007fff320df000 	C:\WINDOWS\System32\SHELL32.dll
0x00007fff2db40000 - 0x00007fff2e2d0000 	C:\WINDOWS\SYSTEM32\windows.storage.dll
0x00007fff31130000 - 0x00007fff31485000 	C:\WINDOWS\System32\combase.dll
0x00007fff2f460000 - 0x00007fff2f48c000 	C:\WINDOWS\SYSTEM32\Wldp.dll
0x00007fff31010000 - 0x00007fff310be000 	C:\WINDOWS\System32\SHCORE.dll
0x00007fff30620000 - 0x00007fff30675000 	C:\WINDOWS\System32\shlwapi.dll
0x00007fff2f930000 - 0x00007fff2f94f000 	C:\WINDOWS\SYSTEM32\profapi.dll
0x00007fff1cb80000 - 0x00007fff1cb99000 	C:\Users\dell\.jdks\corretto-11.0.11\bin\net.dll
0x00007fff1ed40000 - 0x00007fff1ee4b000 	C:\WINDOWS\SYSTEM32\WINHTTP.dll
0x00007fff2f1d0000 - 0x00007fff2f23a000 	C:\WINDOWS\system32\mswsock.dll
0x00007fff1ca90000 - 0x00007fff1caa2000 	C:\Users\dell\.jdks\corretto-11.0.11\bin\nio.dll
0x00007ffeeddf0000 - 0x00007ffeede0a000 	C:\Program Files\JetBrains\IntelliJ IDEA 2021.1.2\bin\breakgen64.dll
0x00007fff2eeb0000 - 0x00007fff2ef7c000 	C:\WINDOWS\SYSTEM32\DNSAPI.dll
0x00007fff2ee70000 - 0x00007fff2eeab000 	C:\WINDOWS\SYSTEM32\IPHLPAPI.DLL
0x00007fff31520000 - 0x00007fff31528000 	C:\WINDOWS\System32\NSI.dll
0x00007fff1bc50000 - 0x00007fff1bc5a000 	C:\Windows\System32\rasadhlp.dll
0x00007fff1ecc0000 - 0x00007fff1ed3f000 	C:\WINDOWS\System32\fwpuclnt.dll
0x00007fff30020000 - 0x00007fff30047000 	C:\WINDOWS\System32\bcrypt.dll
0x00007fff168b0000 - 0x00007fff168b9000 	C:\Users\dell\.jdks\corretto-11.0.11\bin\management.dll
0x00007fff163c0000 - 0x00007fff163cb000 	C:\Users\dell\.jdks\corretto-11.0.11\bin\management_ext.dll
0x00007fff2f3a0000 - 0x00007fff2f3b8000 	C:\WINDOWS\SYSTEM32\CRYPTSP.dll
0x00007fff2eb00000 - 0x00007fff2eb34000 	C:\WINDOWS\system32\rsaenh.dll
0x00007fff2f8f0000 - 0x00007fff2f91e000 	C:\WINDOWS\SYSTEM32\USERENV.dll
0x00007fff2f3c0000 - 0x00007fff2f3cc000 	C:\WINDOWS\SYSTEM32\CRYPTBASE.dll
0x00007fff28590000 - 0x00007fff285a7000 	C:\WINDOWS\SYSTEM32\dhcpcsvc6.DLL
0x00007fff29070000 - 0x00007fff2908d000 	C:\WINDOWS\SYSTEM32\dhcpcsvc.DLL
0x00007fff0fc60000 - 0x00007fff0fc77000 	C:\WINDOWS\system32\napinsp.dll
0x00007fff0fc40000 - 0x00007fff0fc5b000 	C:\WINDOWS\system32\pnrpnsp.dll
0x00007fff0f640000 - 0x00007fff0f655000 	C:\WINDOWS\system32\wshbth.dll
0x00007fff2c380000 - 0x00007fff2c39d000 	C:\WINDOWS\system32\NLAapi.dll
0x00007fff0f5a0000 - 0x00007fff0f5b2000 	C:\WINDOWS\System32\winrnr.dll
0x00007fff12360000 - 0x00007fff12385000 	C:\Users\dell\.jdks\corretto-11.0.11\bin\sunec.dll
0x00007fff16020000 - 0x00007fff1602e000 	C:\Users\dell\.jdks\corretto-11.0.11\bin\sunmscapi.dll
0x00007fff2fe20000 - 0x00007fff2ff7f000 	C:\WINDOWS\System32\CRYPT32.dll
0x00007fff2f4d0000 - 0x00007fff2f4f7000 	C:\WINDOWS\SYSTEM32\ncrypt.dll
0x00007fff2f490000 - 0x00007fff2f4cb000 	C:\WINDOWS\SYSTEM32\NTASN1.dll

dbghelp: loaded successfully - version: 4.0.5 - missing functions: none
symbol engine: initialized successfully - sym options: 0x614 - pdb path: .;C:\Users\dell\.jdks\corretto-11.0.11\bin;C:\WINDOWS\SYSTEM32;C:\WINDOWS\WinSxS\amd64_microsoft.windows.common-controls_6595b64144ccf1df_6.0.19041.1052_none_60b8f8fd71f5e8cb;C:\Users\dell\.jdks\corretto-11.0.11\bin\server;C:\Program Files\JetBrains\IntelliJ IDEA 2021.1.2\bin

VM Arguments:
jvm_args: -XX:TieredStopAtLevel=1 -Xverify:none -Dspring.output.ansi.enabled=always -javaagent:C:\Program Files\JetBrains\IntelliJ IDEA 2021.1.2\lib\idea_rt.jar=54952:C:\Program Files\JetBrains\IntelliJ IDEA 2021.1.2\bin -Dcom.sun.management.jmxremote -Dspring.jmx.enabled=true -Dspring.liveBeansView.mbeanDomain -Dspring.application.admin.enabled=true -Dfile.encoding=UTF-8 
java_command: com.onegateafrica.LocaApplication
java_class_path (initial): C:\Users\dell\Desktop\Loca-Back\target\classes;C:\Users\dell\.m2\repository\org\springframework\boot\spring-boot-starter-data-jpa\2.4.3\spring-boot-starter-data-jpa-2.4.3.jar;C:\Users\dell\.m2\repository\org\springframework\boot\spring-boot-starter-aop\2.4.3\spring-boot-starter-aop-2.4.3.jar;C:\Users\dell\.m2\repository\org\aspectj\aspectjweaver\1.9.6\aspectjweaver-1.9.6.jar;C:\Users\dell\.m2\repository\org\springframework\boot\spring-boot-starter-jdbc\2.4.3\spring-boot-starter-jdbc-2.4.3.jar;C:\Users\dell\.m2\repository\com\zaxxer\HikariCP\3.4.5\HikariCP-3.4.5.jar;C:\Users\dell\.m2\repository\org\springframework\spring-jdbc\5.3.4\spring-jdbc-5.3.4.jar;C:\Users\dell\.m2\repository\jakarta\transaction\jakarta.transaction-api\1.3.3\jakarta.transaction-api-1.3.3.jar;C:\Users\dell\.m2\repository\jakarta\persistence\jakarta.persistence-api\2.2.3\jakarta.persistence-api-2.2.3.jar;C:\Users\dell\.m2\repository\org\hibernate\hibernate-core\5.4.28.Final\hibernate-core-5.4.28.Final.jar;C:\Users\dell\.m2\repository\org\jboss\logging\jboss-logging\3.4.1.Final\jboss-logging-3.4.1.Final.jar;C:\Users\dell\.m2\repository\org\javassist\javassist\3.27.0-GA\javassist-3.27.0-GA.jar;C:\Users\dell\.m2\repository\net\bytebuddy\byte-buddy\1.10.20\byte-buddy-1.10.20.jar;C:\Users\dell\.m2\repository\antlr\antlr\2.7.7\antlr-2.7.7.jar;C:\Users\dell\.m2\repository\org\jboss\jandex\2.2.3.Final\jandex-2.2.3.Final.jar;C:\Users\dell\.m2\repository\com\fasterxml\classmate\1.5.1\classmate-1.5.1.jar;C:\Users\dell\.m2\repository\org\dom4j\dom4j\2.1.3\dom4j-2.1.3.jar;C:\Users\dell\.m2\repository\org\hibernate\common\hibernate-commons-annotations\5.1.2.Final\hibernate-commons-annotations-5.1.2.Final.jar;C:\Users\dell\.m2\repository\org\glassfish\jaxb\jaxb-runtime\2.3.3\jaxb-runtime-2.3.3.jar;C:\Users\dell\.m2\repository\org\glassfish\jaxb\txw2\2.3.3\txw2-2.3.3.jar;C:\Users\dell\.m2\repository\com\sun\istack\istack-commons-runtime\3.0.11\istack-commons-runtime-3.0.11.jar;C:\Use
Launcher Type: SUN_STANDARD

[Global flags]
     bool BytecodeVerificationLocal                = false                                     {product} {command line}
     bool BytecodeVerificationRemote               = false                                     {product} {command line}
     intx CICompilerCount                          = 4                                         {product} {ergonomic}
     uint ConcGCThreads                            = 2                                         {product} {ergonomic}
     uint G1ConcRefinementThreads                  = 8                                         {product} {ergonomic}
   size_t G1HeapRegionSize                         = 1048576                                   {product} {ergonomic}
    uintx GCDrainStackTargetSize                   = 64                                        {product} {ergonomic}
   size_t InitialHeapSize                          = 132120576                                 {product} {ergonomic}
     bool ManagementServer                         = true                                      {product} {command line}
   size_t MarkStackSize                            = 4194304                                   {product} {ergonomic}
   size_t MaxHeapSize                              = 2111832064                                {product} {ergonomic}
   size_t MaxNewSize                               = 1266679808                                {product} {ergonomic}
   size_t MinHeapDeltaBytes                        = 1048576                                   {product} {ergonomic}
    uintx NonNMethodCodeHeapSize                   = 7549744                                {pd product} {ergonomic}
    uintx NonProfiledCodeHeapSize                  = 244108496                              {pd product} {ergonomic}
    uintx ProfiledCodeHeapSize                     = 0                                      {pd product} {ergonomic}
    uintx ReservedCodeCacheSize                    = 251658240                              {pd product} {ergonomic}
     bool SegmentedCodeCache                       = true                                      {product} {ergonomic}
     intx TieredStopAtLevel                        = 1                                         {product} {command line}
     bool UseCompressedClassPointers               = true                                 {lp64_product} {ergonomic}
     bool UseCompressedOops                        = true                                 {lp64_product} {ergonomic}
     bool UseG1GC                                  = true                                      {product} {ergonomic}
     bool UseLargePagesIndividualAllocation        = false                                  {pd product} {ergonomic}

Logging:
Log output configuration:
 #0: stdout all=warning uptime,level,tags
 #1: stderr all=off uptime,level,tags

Environment Variables:
JAVA_HOME=C:\Program Files\Java\jdk-11.0.11
PATH=C:\Program Files\Common Files\Oracle\Java\javapath;C:\Python39\Scripts\;C:\Python39\;C:\oraclexe\app\oracle\product\11.2.0\server\bin;F:\app\dell\product\11.2.0\dbhome_1\bin;C:\Program Files (x86)\Common Files\Oracle\Java\javapath;C:\WINDOWS\system32;C:\WINDOWS;C:\WINDOWS\System32\Wbem;C:\WINDOWS\System32\WindowsPowerShell\v1.0\;C:\WINDOWS\System32\OpenSSH\;C:\Program Files\Git\cmd;C:\Program Files\nodejs\;C:\ProgramData\chocolatey\bin;C:\Program Files\Java\jdk-11.0.11\bin;C:\Program Files\apache-maven-3.8.1-bin\apache-maven-3.8.1\bin;C:\Program Files\MySQL\MySQL Shell 8.0\bin\;C:\Users\dell\AppData\Local\Microsoft\WindowsApps;C:\Users\dell\AppData\Local\Programs\Microsoft VS Code\bin;C:\Program Files\JetBrains\IntelliJ IDEA 2021.1.2\bin;;C:\Users\dell\AppData\Local\JetBrains\PyCharm Community Edition 2021.1\bin;;C:\Users\dell\AppData\Roaming\npm;C:\Windows\System32;C:\Users\dell\Desktop\mysql-8.0.25-winx64\bin
USERNAME=dell
OS=Windows_NT
PROCESSOR_IDENTIFIER=Intel64 Family 6 Model 142 Stepping 12, GenuineIntel



---------------  S Y S T E M  ---------------

OS: Windows 10 , 64 bit Build 19041 (10.0.19041.1023)
OS uptime: 9 days 18:41 hours

CPU:total 8 (initial active 8) (4 cores per cpu, 2 threads per core) family 6 model 142 stepping 12 microcode 0xca, cmov, cx8, fxsr, mmx, sse, sse2, sse3, ssse3, sse4.1, sse4.2, popcnt, avx, avx2, aes, clmul, erms, 3dnowpref, lzcnt, ht, tsc, tscinvbit, bmi1, bmi2, adx, fma

Memory: 4k page, system-wide physical 8050M (394M free)
TotalPageFile size 23050M (AvailPageFile size 17M)
current process WorkingSet (physical memory assigned to process): 252M, peak: 252M
current process commit charge ("private bytes"): 320M, peak: 351M

vm_info: OpenJDK 64-Bit Server VM (11.0.11+9-LTS) for windows-amd64 JRE (11.0.11+9-LTS), built on Apr 14 2021 00:00:20 by "Administrator" with MS VC++ 15.9 (VS2017)

END.
