#
# There is insufficient memory for the Java Runtime Environment to continue.
# Native memory allocation (malloc) failed to allocate 1048576 bytes for AllocateHeap
# Possible reasons:
#   The system is out of physical RAM or swap space
#   The process is running with CompressedOops enabled, and the Java Heap may be blocking the growth of the native heap
# Possible solutions:
#   Reduce memory load on the system
#   Increase physical memory or swap space
#   Check if swap backing store is full
#   Decrease Java heap size (-Xmx/-Xms)
#   Decrease number of Java threads
#   Decrease Java thread stack sizes (-Xss)
#   Set larger code cache with -XX:ReservedCodeCacheSize=
#   JVM is running with Unscaled Compressed Oops mode in which the Java heap is
#     placed in the first 4GB address space. The Java Heap base address is the
#     maximum limit for the native heap growth. Please use -XX:HeapBaseMinAddress
#     to set the Java Heap base and to place the Java Heap above 4GB virtual address.
# This output file may be truncated or incomplete.
#
#  Out of Memory Error (./src/hotspot/share/memory/allocation.cpp:46), pid=20712, tid=12068
#
# JRE version: OpenJDK Runtime Environment Corretto-11.0.11.9.1 (11.0.11+9) (build 11.0.11+9-LTS)
# Java VM: OpenJDK 64-Bit Server VM Corretto-11.0.11.9.1 (11.0.11+9-LTS, mixed mode, tiered, compressed oops, g1 gc, windows-amd64)
# No core dump will be written. Minidumps are not enabled by default on client versions of Windows
#

---------------  S U M M A R Y ------------

Command Line: -agentlib:jdwp=transport=dt_socket,address=127.0.0.1:61350,suspend=y,server=n -XX:TieredStopAtLevel=1 -Xverify:none -Dspring.output.ansi.enabled=always -javaagent:C:\Users\dell\AppData\Local\JetBrains\IntelliJIdea2021.1\captureAgent\debugger-agent.jar -Dcom.sun.management.jmxremote -Dspring.jmx.enabled=true -Dspring.liveBeansView.mbeanDomain -Dspring.application.admin.enabled=true -Dfile.encoding=UTF-8 com.onegateafrica.LocaApplication

Host: Intel(R) Core(TM) i5-8265U CPU @ 1.60GHz, 8 cores, 7G,  Windows 10 , 64 bit Build 19041 (10.0.19041.1023)
Time: Thu Jul  1 16:42:30 2021 GMT (heure d’été) elapsed time: 6.802900 seconds (0d 0h 0m 6s)

---------------  T H R E A D  ---------------

Current thread (0x0000027ec7386000):  VMThread "VM Thread" [stack: 0x00000087fa800000,0x00000087fa900000] [id=12068]

Stack: [0x00000087fa800000,0x00000087fa900000]
[error occurred during error reporting (printing stack bounds), id 0xc0000005, EXCEPTION_ACCESS_VIOLATION (0xc0000005) at pc=0x0000027eb0b50f2d]

Native frames: (J=compiled Java code, j=interpreted, Vv=VM code, C=native code)
V  [jvm.dll+0x5f867a]
V  [jvm.dll+0x78124e]
V  [jvm.dll+0x78291f]
V  [jvm.dll+0x782f45]
V  [jvm.dll+0x782efb]
V  [jvm.dll+0x5f7b63]
V  [jvm.dll+0x5f8278]
C  [ntdll.dll+0xa217f]
C  [ntdll.dll+0x51454]
C  [ntdll.dll+0xa0cae]
C  0x0000027eb0b50f2d

VM_Operation (0x00000087fa2faed0): CollectForMetadataAllocation, mode: safepoint, requested by thread 0x0000027ea844d000


---------------  P R O C E S S  ---------------

Threads class SMR info:
_java_thread_list=0x0000027ec9e92980, length=15, elements={
0x0000027ea844d000, 0x0000027ec73ab800, 0x0000027ec73ac800, 0x0000027ec73c2000,
0x0000027ec73c3000, 0x0000027ec7d42800, 0x0000027ec7d46800, 0x0000027ec7d53000,
0x0000027ec7e84000, 0x0000027ec7f12800, 0x0000027ec7f31800, 0x0000027ec7f3c000,
0x0000027ec7e87800, 0x0000027ec7e88000, 0x0000027ec7e8a000
}

Java Threads: ( => current thread )
  0x0000027ea844d000 JavaThread "main" [_thread_blocked, id=16912, stack(0x00000087fa200000,0x00000087fa300000)]
  0x0000027ec73ab800 JavaThread "Reference Handler" daemon [_thread_blocked, id=18004, stack(0x00000087fa900000,0x00000087faa00000)]
  0x0000027ec73ac800 JavaThread "Finalizer" daemon [_thread_blocked, id=18324, stack(0x00000087faa00000,0x00000087fab00000)]
  0x0000027ec73c2000 JavaThread "Signal Dispatcher" daemon [_thread_blocked, id=13316, stack(0x00000087fab00000,0x00000087fac00000)]
  0x0000027ec73c3000 JavaThread "Attach Listener" daemon [_thread_blocked, id=6172, stack(0x00000087fac00000,0x00000087fad00000)]
  0x0000027ec7d42800 JavaThread "Service Thread" daemon [_thread_blocked, id=15824, stack(0x00000087fad00000,0x00000087fae00000)]
  0x0000027ec7d46800 JavaThread "C1 CompilerThread0" daemon [_thread_blocked, id=14128, stack(0x00000087fae00000,0x00000087faf00000)]
  0x0000027ec7d53000 JavaThread "Sweeper thread" daemon [_thread_blocked, id=17484, stack(0x00000087faf00000,0x00000087fb000000)]
  0x0000027ec7e84000 JavaThread "Common-Cleaner" daemon [_thread_blocked, id=12136, stack(0x00000087fb000000,0x00000087fb100000)]
  0x0000027ec7f12800 JavaThread "JDWP Transport Listener: dt_socket" daemon [_thread_blocked, id=5896, stack(0x00000087fb100000,0x00000087fb200000)]
  0x0000027ec7f31800 JavaThread "JDWP Event Helper Thread" daemon [_thread_blocked, id=1076, stack(0x00000087fb200000,0x00000087fb300000)]
  0x0000027ec7f3c000 JavaThread "JDWP Command Reader" daemon [_thread_in_native, id=14864, stack(0x00000087fb300000,0x00000087fb400000)]
  0x0000027ec7e87800 JavaThread "RMI TCP Accept-0" daemon [_thread_in_native, id=4404, stack(0x00000087fb400000,0x00000087fb500000)]
  0x0000027ec7e88000 JavaThread "RMI TCP Connection(1)-192.168.1.5" daemon [_thread_in_native, id=20260, stack(0x00000087fb900000,0x00000087fba00000)]
  0x0000027ec7e8a000 JavaThread "RMI Scheduler(0)" daemon [_thread_blocked, id=14364, stack(0x00000087fba00000,0x00000087fbb00000)]

Other Threads:
=>0x0000027ec7386000 VMThread "VM Thread" [stack: 0x00000087fa800000,0x00000087fa900000] [id=12068]
  0x0000027ec8605000 WatcherThread [stack: 0x00000087fb500000,0x00000087fb600000] [id=16744]
  0x0000027ea8463000 GCTaskThread "GC Thread#0" [stack: 0x00000087fa300000,0x00000087fa400000] [id=14688]
  0x0000027ec879e800 GCTaskThread "GC Thread#1" [stack: 0x00000087fb600000,0x00000087fb700000] [id=17340]
  0x0000027ec879f800 GCTaskThread "GC Thread#2" [stack: 0x00000087fb700000,0x00000087fb800000] [id=20756]
  0x0000027ec980b800 GCTaskThread "GC Thread#3" [stack: 0x00000087fbc00000,0x00000087fbd00000] [id=16276]
  0x0000027ec9e37000 GCTaskThread "GC Thread#4" [stack: 0x00000087fbf00000,0x00000087fc000000] [id=14140]
  0x0000027ec9e39000 GCTaskThread "GC Thread#5" [stack: 0x00000087fc000000,0x00000087fc100000] [id=18528]
  0x0000027ea8494800 ConcurrentGCThread "G1 Main Marker" [stack: 0x00000087fa400000,0x00000087fa500000] [id=21336]
  0x0000027ea8496000 ConcurrentGCThread "G1 Conc#0" [stack: 0x00000087fa500000,0x00000087fa600000] [id=10488]
  0x0000027ec96cd000 ConcurrentGCThread "G1 Conc#1" [stack: 0x00000087fbd00000,0x00000087fbe00000] [id=11516]
  0x0000027ea851e800 ConcurrentGCThread "G1 Refine#0" [stack: 0x00000087fa600000,0x00000087fa700000] [id=15892]
  0x0000027ec80fd000 ConcurrentGCThread "G1 Refine#1" [stack: 0x00000087fb800000,0x00000087fb900000] [id=16448]
  0x0000027ec71eb000 ConcurrentGCThread "G1 Young RemSet Sampling" [stack: 0x00000087fa700000,0x00000087fa800000] [id=3332]

Threads with active compile tasks:

VM state:at safepoint (normal execution)

VM Mutex/Monitor currently owned by a thread:  ([mutex/lock_event])
[0x0000027ea8447e60] Threads_lock - owner thread: 0x0000027ec7386000
[0x0000027ea8449690] Heap_lock - owner thread: 0x0000027ea844d000

OutOfMemory and StackOverflow Exception counts:
OutOfMemoryError java_heap_errors=2
LinkageErrors=63

Heap address: 0x0000000082200000, size: 2014 MB, Compressed Oops mode: 32-bit
Narrow klass base: 0x0000000000000000, Narrow klass shift: 3
Compressed class space size: 1073741824 Address: 0x0000000100000000

Heap:
 garbage-first heap   total 129024K, used 14766K [0x0000000082200000, 0x0000000100000000)
  region size 1024K, 6 young (6144K), 6 survivors (6144K)
 Metaspace       used 32290K, capacity 33256K, committed 33328K, reserved 1093632K
  class space    used 3798K, capacity 4195K, committed 4224K, reserved 1048576K
Heap Regions: E=young(eden), S=young(survivor), O=old, HS=humongous(starts), HC=humongous(continues), CS=collection set, F=free, A=archive, TAMS=top-at-mark-start (previous, next)
|   0|0x0000000082200000, 0x0000000082300000, 0x0000000082300000|100%|HS|  |TAMS 0x0000000082300000, 0x0000000082300000| Complete 
|   1|0x0000000082300000, 0x0000000082400000, 0x0000000082400000|100%| O|  |TAMS 0x0000000082400000, 0x0000000082400000| Untracked 
|   2|0x0000000082400000, 0x0000000082500000, 0x0000000082500000|100%| O|  |TAMS 0x0000000082500000, 0x0000000082500000| Untracked 
|   3|0x0000000082500000, 0x0000000082600000, 0x0000000082600000|100%| O|  |TAMS 0x0000000082600000, 0x0000000082600000| Untracked 
|   4|0x0000000082600000, 0x0000000082700000, 0x0000000082700000|100%| O|  |TAMS 0x0000000082700000, 0x0000000082700000| Untracked 
|   5|0x0000000082700000, 0x0000000082800000, 0x0000000082800000|100%| O|  |TAMS 0x0000000082800000, 0x0000000082800000| Untracked 
|   6|0x0000000082800000, 0x0000000082900000, 0x0000000082900000|100%| O|  |TAMS 0x0000000082900000, 0x0000000082900000| Untracked 
|   7|0x0000000082900000, 0x0000000082a00000, 0x0000000082a00000|100%| O|  |TAMS 0x0000000082a00000, 0x0000000082a00000| Untracked 
|   8|0x0000000082a00000, 0x0000000082b00000, 0x0000000082b00000|100%| O|  |TAMS 0x0000000082aa4c00, 0x0000000082b00000| Untracked 
|   9|0x0000000082b00000, 0x0000000082b15200, 0x0000000082c00000|  8%| O|  |TAMS 0x0000000082b00000, 0x0000000082b15200| Untracked 
|  10|0x0000000082c00000, 0x0000000082c00000, 0x0000000082d00000|  0%| F|  |TAMS 0x0000000082c00000, 0x0000000082c00000| Untracked 
|  11|0x0000000082d00000, 0x0000000082d00000, 0x0000000082e00000|  0%| F|  |TAMS 0x0000000082d00000, 0x0000000082d00000| Untracked 
|  12|0x0000000082e00000, 0x0000000082e00000, 0x0000000082f00000|  0%| F|  |TAMS 0x0000000082e00000, 0x0000000082e00000| Untracked 
|  13|0x0000000082f00000, 0x0000000082f00000, 0x0000000083000000|  0%| F|  |TAMS 0x0000000082f00000, 0x0000000082f00000| Untracked 
|  14|0x0000000083000000, 0x0000000083000000, 0x0000000083100000|  0%| F|  |TAMS 0x0000000083000000, 0x0000000083000000| Untracked 
|  15|0x0000000083100000, 0x0000000083100000, 0x0000000083200000|  0%| F|  |TAMS 0x0000000083100000, 0x0000000083100000| Untracked 
|  16|0x0000000083200000, 0x0000000083200000, 0x0000000083300000|  0%| F|  |TAMS 0x0000000083200000, 0x0000000083200000| Untracked 
|  17|0x0000000083300000, 0x0000000083300000, 0x0000000083400000|  0%| F|  |TAMS 0x0000000083300000, 0x0000000083300000| Untracked 
|  18|0x0000000083400000, 0x0000000083400000, 0x0000000083500000|  0%| F|  |TAMS 0x0000000083400000, 0x0000000083400000| Untracked 
|  19|0x0000000083500000, 0x0000000083500000, 0x0000000083600000|  0%| F|  |TAMS 0x0000000083500000, 0x0000000083500000| Untracked 
|  20|0x0000000083600000, 0x0000000083600000, 0x0000000083700000|  0%| F|  |TAMS 0x0000000083600000, 0x0000000083600000| Untracked 
|  21|0x0000000083700000, 0x0000000083700000, 0x0000000083800000|  0%| F|  |TAMS 0x0000000083700000, 0x0000000083700000| Untracked 
|  22|0x0000000083800000, 0x0000000083800000, 0x0000000083900000|  0%| F|  |TAMS 0x0000000083800000, 0x0000000083800000| Untracked 
|  23|0x0000000083900000, 0x0000000083900000, 0x0000000083a00000|  0%| F|  |TAMS 0x0000000083900000, 0x0000000083900000| Untracked 
|  24|0x0000000083a00000, 0x0000000083a00000, 0x0000000083b00000|  0%| F|  |TAMS 0x0000000083a00000, 0x0000000083a00000| Untracked 
|  25|0x0000000083b00000, 0x0000000083b00000, 0x0000000083c00000|  0%| F|  |TAMS 0x0000000083b00000, 0x0000000083b00000| Untracked 
|  26|0x0000000083c00000, 0x0000000083c00000, 0x0000000083d00000|  0%| F|  |TAMS 0x0000000083c00000, 0x0000000083c00000| Untracked 
|  27|0x0000000083d00000, 0x0000000083d00000, 0x0000000083e00000|  0%| F|  |TAMS 0x0000000083d00000, 0x0000000083d00000| Untracked 
|  28|0x0000000083e00000, 0x0000000083e00000, 0x0000000083f00000|  0%| F|  |TAMS 0x0000000083e00000, 0x0000000083e00000| Untracked 
|  29|0x0000000083f00000, 0x0000000083f00000, 0x0000000084000000|  0%| F|  |TAMS 0x0000000083f00000, 0x0000000083f00000| Untracked 
|  30|0x0000000084000000, 0x0000000084000000, 0x0000000084100000|  0%| F|  |TAMS 0x0000000084000000, 0x0000000084000000| Untracked 
|  31|0x0000000084100000, 0x0000000084100000, 0x0000000084200000|  0%| F|  |TAMS 0x0000000084100000, 0x0000000084100000| Untracked 
|  32|0x0000000084200000, 0x0000000084200000, 0x0000000084300000|  0%| F|  |TAMS 0x0000000084200000, 0x0000000084200000| Untracked 
|  33|0x0000000084300000, 0x0000000084300000, 0x0000000084400000|  0%| F|  |TAMS 0x0000000084300000, 0x0000000084300000| Untracked 
|  34|0x0000000084400000, 0x0000000084400000, 0x0000000084500000|  0%| F|  |TAMS 0x0000000084400000, 0x0000000084400000| Untracked 
|  35|0x0000000084500000, 0x0000000084500000, 0x0000000084600000|  0%| F|  |TAMS 0x0000000084500000, 0x0000000084500000| Untracked 
|  36|0x0000000084600000, 0x0000000084600000, 0x0000000084700000|  0%| F|  |TAMS 0x0000000084600000, 0x0000000084600000| Untracked 
|  37|0x0000000084700000, 0x0000000084700000, 0x0000000084800000|  0%| F|  |TAMS 0x0000000084700000, 0x0000000084700000| Untracked 
|  38|0x0000000084800000, 0x0000000084800000, 0x0000000084900000|  0%| F|  |TAMS 0x0000000084800000, 0x0000000084800000| Untracked 
|  39|0x0000000084900000, 0x0000000084900000, 0x0000000084a00000|  0%| F|  |TAMS 0x0000000084900000, 0x0000000084900000| Untracked 
|  40|0x0000000084a00000, 0x0000000084a00000, 0x0000000084b00000|  0%| F|  |TAMS 0x0000000084a00000, 0x0000000084a00000| Untracked 
|  41|0x0000000084b00000, 0x0000000084b00000, 0x0000000084c00000|  0%| F|  |TAMS 0x0000000084b00000, 0x0000000084b00000| Untracked 
|  42|0x0000000084c00000, 0x0000000084c00000, 0x0000000084d00000|  0%| F|  |TAMS 0x0000000084c00000, 0x0000000084c00000| Untracked 
|  43|0x0000000084d00000, 0x0000000084d00000, 0x0000000084e00000|  0%| F|  |TAMS 0x0000000084d00000, 0x0000000084d00000| Untracked 
|  44|0x0000000084e00000, 0x0000000084e00000, 0x0000000084f00000|  0%| F|  |TAMS 0x0000000084e00000, 0x0000000084e00000| Untracked 
|  45|0x0000000084f00000, 0x0000000084f00000, 0x0000000085000000|  0%| F|  |TAMS 0x0000000084f00000, 0x0000000084f00000| Untracked 
|  46|0x0000000085000000, 0x0000000085000000, 0x0000000085100000|  0%| F|  |TAMS 0x0000000085000000, 0x0000000085000000| Untracked 
|  47|0x0000000085100000, 0x0000000085100000, 0x0000000085200000|  0%| F|  |TAMS 0x0000000085100000, 0x0000000085100000| Untracked 
|  48|0x0000000085200000, 0x0000000085200000, 0x0000000085300000|  0%| F|  |TAMS 0x0000000085200000, 0x0000000085200000| Untracked 
|  49|0x0000000085300000, 0x0000000085300000, 0x0000000085400000|  0%| F|  |TAMS 0x0000000085300000, 0x0000000085300000| Untracked 
|  50|0x0000000085400000, 0x0000000085400000, 0x0000000085500000|  0%| F|  |TAMS 0x0000000085400000, 0x0000000085400000| Untracked 
|  51|0x0000000085500000, 0x0000000085500000, 0x0000000085600000|  0%| F|  |TAMS 0x0000000085500000, 0x0000000085500000| Untracked 
|  52|0x0000000085600000, 0x0000000085600000, 0x0000000085700000|  0%| F|  |TAMS 0x0000000085600000, 0x0000000085600000| Untracked 
|  53|0x0000000085700000, 0x0000000085700000, 0x0000000085800000|  0%| F|  |TAMS 0x0000000085700000, 0x0000000085700000| Untracked 
|  54|0x0000000085800000, 0x0000000085800000, 0x0000000085900000|  0%| F|  |TAMS 0x0000000085800000, 0x0000000085800000| Untracked 
|  55|0x0000000085900000, 0x0000000085900000, 0x0000000085a00000|  0%| F|  |TAMS 0x0000000085900000, 0x0000000085900000| Untracked 
|  56|0x0000000085a00000, 0x0000000085a00000, 0x0000000085b00000|  0%| F|  |TAMS 0x0000000085a00000, 0x0000000085a00000| Untracked 
|  57|0x0000000085b00000, 0x0000000085b00000, 0x0000000085c00000|  0%| F|  |TAMS 0x0000000085b00000, 0x0000000085b00000| Untracked 
|  58|0x0000000085c00000, 0x0000000085c00000, 0x0000000085d00000|  0%| F|  |TAMS 0x0000000085c00000, 0x0000000085c00000| Untracked 
|  59|0x0000000085d00000, 0x0000000085d00000, 0x0000000085e00000|  0%| F|  |TAMS 0x0000000085d00000, 0x0000000085d00000| Untracked 
|  60|0x0000000085e00000, 0x0000000085e00000, 0x0000000085f00000|  0%| F|  |TAMS 0x0000000085e00000, 0x0000000085e00000| Untracked 
|  61|0x0000000085f00000, 0x0000000085f00000, 0x0000000086000000|  0%| F|  |TAMS 0x0000000085f00000, 0x0000000085f00000| Untracked 
|  62|0x0000000086000000, 0x0000000086000000, 0x0000000086100000|  0%| F|  |TAMS 0x0000000086000000, 0x0000000086000000| Untracked 
|  63|0x0000000086100000, 0x0000000086100000, 0x0000000086200000|  0%| F|  |TAMS 0x0000000086100000, 0x0000000086100000| Untracked 
|  64|0x0000000086200000, 0x0000000086200000, 0x0000000086300000|  0%| F|  |TAMS 0x0000000086200000, 0x0000000086200000| Untracked 
|  65|0x0000000086300000, 0x0000000086300000, 0x0000000086400000|  0%| F|  |TAMS 0x0000000086300000, 0x0000000086300000| Untracked 
|  66|0x0000000086400000, 0x0000000086400000, 0x0000000086500000|  0%| F|  |TAMS 0x0000000086400000, 0x0000000086400000| Untracked 
|  67|0x0000000086500000, 0x0000000086500000, 0x0000000086600000|  0%| F|  |TAMS 0x0000000086500000, 0x0000000086500000| Untracked 
|  68|0x0000000086600000, 0x0000000086600000, 0x0000000086700000|  0%| F|  |TAMS 0x0000000086600000, 0x0000000086600000| Untracked 
|  69|0x0000000086700000, 0x0000000086700000, 0x0000000086800000|  0%| F|  |TAMS 0x0000000086700000, 0x0000000086700000| Untracked 
|  70|0x0000000086800000, 0x0000000086800000, 0x0000000086900000|  0%| F|  |TAMS 0x0000000086800000, 0x0000000086800000| Untracked 
|  71|0x0000000086900000, 0x0000000086900000, 0x0000000086a00000|  0%| F|  |TAMS 0x0000000086900000, 0x0000000086900000| Untracked 
|  72|0x0000000086a00000, 0x0000000086a00000, 0x0000000086b00000|  0%| F|  |TAMS 0x0000000086a00000, 0x0000000086a00000| Untracked 
|  73|0x0000000086b00000, 0x0000000086b00000, 0x0000000086c00000|  0%| F|  |TAMS 0x0000000086b00000, 0x0000000086b00000| Untracked 
|  74|0x0000000086c00000, 0x0000000086c00000, 0x0000000086d00000|  0%| F|  |TAMS 0x0000000086c00000, 0x0000000086c00000| Untracked 
|  75|0x0000000086d00000, 0x0000000086d00000, 0x0000000086e00000|  0%| F|  |TAMS 0x0000000086d00000, 0x0000000086d00000| Untracked 
|  76|0x0000000086e00000, 0x0000000086e00000, 0x0000000086f00000|  0%| F|  |TAMS 0x0000000086e00000, 0x0000000086e00000| Untracked 
|  77|0x0000000086f00000, 0x0000000086f00000, 0x0000000087000000|  0%| F|  |TAMS 0x0000000086f00000, 0x0000000086f00000| Untracked 
|  78|0x0000000087000000, 0x0000000087000000, 0x0000000087100000|  0%| F|  |TAMS 0x0000000087000000, 0x0000000087000000| Untracked 
|  79|0x0000000087100000, 0x0000000087100000, 0x0000000087200000|  0%| F|  |TAMS 0x0000000087100000, 0x0000000087100000| Untracked 
|  80|0x0000000087200000, 0x0000000087200000, 0x0000000087300000|  0%| F|  |TAMS 0x0000000087200000, 0x0000000087200000| Untracked 
|  81|0x0000000087300000, 0x0000000087300000, 0x0000000087400000|  0%| F|  |TAMS 0x0000000087300000, 0x0000000087300000| Untracked 
|  82|0x0000000087400000, 0x0000000087400000, 0x0000000087500000|  0%| F|  |TAMS 0x0000000087400000, 0x0000000087400000| Untracked 
|  83|0x0000000087500000, 0x0000000087500000, 0x0000000087600000|  0%| F|  |TAMS 0x0000000087500000, 0x0000000087500000| Untracked 
|  84|0x0000000087600000, 0x0000000087600000, 0x0000000087700000|  0%| F|  |TAMS 0x0000000087600000, 0x0000000087600000| Untracked 
|  85|0x0000000087700000, 0x0000000087700000, 0x0000000087800000|  0%| F|  |TAMS 0x0000000087700000, 0x0000000087700000| Untracked 
|  86|0x0000000087800000, 0x0000000087800000, 0x0000000087900000|  0%| F|  |TAMS 0x0000000087800000, 0x0000000087800000| Untracked 
|  87|0x0000000087900000, 0x0000000087900000, 0x0000000087a00000|  0%| F|  |TAMS 0x0000000087900000, 0x0000000087900000| Untracked 
|  88|0x0000000087a00000, 0x0000000087a00000, 0x0000000087b00000|  0%| F|  |TAMS 0x0000000087a00000, 0x0000000087a00000| Untracked 
|  89|0x0000000087b00000, 0x0000000087b00000, 0x0000000087c00000|  0%| F|  |TAMS 0x0000000087b00000, 0x0000000087b00000| Untracked 
|  90|0x0000000087c00000, 0x0000000087c00000, 0x0000000087d00000|  0%| F|  |TAMS 0x0000000087c00000, 0x0000000087c00000| Untracked 
|  91|0x0000000087d00000, 0x0000000087d00000, 0x0000000087e00000|  0%| F|  |TAMS 0x0000000087d00000, 0x0000000087d00000| Untracked 
|  92|0x0000000087e00000, 0x0000000087e00000, 0x0000000087f00000|  0%| F|  |TAMS 0x0000000087e00000, 0x0000000087e00000| Untracked 
|  93|0x0000000087f00000, 0x0000000087f00000, 0x0000000088000000|  0%| F|  |TAMS 0x0000000087f00000, 0x0000000087f00000| Untracked 
|  94|0x0000000088000000, 0x0000000088000000, 0x0000000088100000|  0%| F|  |TAMS 0x0000000088000000, 0x0000000088000000| Untracked 
|  95|0x0000000088100000, 0x0000000088100000, 0x0000000088200000|  0%| F|  |TAMS 0x0000000088100000, 0x0000000088100000| Untracked 
|  96|0x0000000088200000, 0x0000000088200000, 0x0000000088300000|  0%| F|  |TAMS 0x0000000088200000, 0x0000000088200000| Untracked 
|  97|0x0000000088300000, 0x0000000088300000, 0x0000000088400000|  0%| F|  |TAMS 0x0000000088300000, 0x0000000088300000| Untracked 
|  98|0x0000000088400000, 0x0000000088400000, 0x0000000088500000|  0%| F|  |TAMS 0x0000000088400000, 0x0000000088400000| Untracked 
|  99|0x0000000088500000, 0x0000000088500000, 0x0000000088600000|  0%| F|  |TAMS 0x0000000088500000, 0x0000000088500000| Untracked 
| 100|0x0000000088600000, 0x0000000088600000, 0x0000000088700000|  0%| F|  |TAMS 0x0000000088600000, 0x0000000088600000| Untracked 
| 101|0x0000000088700000, 0x0000000088700000, 0x0000000088800000|  0%| F|  |TAMS 0x0000000088700000, 0x0000000088700000| Untracked 
| 102|0x0000000088800000, 0x0000000088800000, 0x0000000088900000|  0%| F|  |TAMS 0x0000000088800000, 0x0000000088800000| Untracked 
| 103|0x0000000088900000, 0x0000000088900000, 0x0000000088a00000|  0%| F|  |TAMS 0x0000000088900000, 0x0000000088900000| Untracked 
| 104|0x0000000088a00000, 0x0000000088a00000, 0x0000000088b00000|  0%| F|  |TAMS 0x0000000088a00000, 0x0000000088a00000| Untracked 
| 105|0x0000000088b00000, 0x0000000088b00000, 0x0000000088c00000|  0%| F|  |TAMS 0x0000000088b00000, 0x0000000088b00000| Untracked 
| 106|0x0000000088c00000, 0x0000000088c00000, 0x0000000088d00000|  0%| F|  |TAMS 0x0000000088c00000, 0x0000000088c00000| Untracked 
| 107|0x0000000088d00000, 0x0000000088d00000, 0x0000000088e00000|  0%| F|  |TAMS 0x0000000088d00000, 0x0000000088d00000| Untracked 
| 108|0x0000000088e00000, 0x0000000088e00000, 0x0000000088f00000|  0%| F|  |TAMS 0x0000000088e00000, 0x0000000088e00000| Untracked 
| 109|0x0000000088f00000, 0x0000000088f00000, 0x0000000089000000|  0%| F|  |TAMS 0x0000000088f00000, 0x0000000088f00000| Untracked 
| 110|0x0000000089000000, 0x0000000089000000, 0x0000000089100000|  0%| F|  |TAMS 0x0000000089000000, 0x0000000089000000| Untracked 
| 111|0x0000000089100000, 0x0000000089100000, 0x0000000089200000|  0%| F|  |TAMS 0x0000000089100000, 0x0000000089100000| Untracked 
| 112|0x0000000089200000, 0x0000000089200000, 0x0000000089300000|  0%| F|  |TAMS 0x0000000089200000, 0x0000000089200000| Untracked 
| 113|0x0000000089300000, 0x0000000089300000, 0x0000000089400000|  0%| F|  |TAMS 0x0000000089300000, 0x0000000089300000| Untracked 
| 114|0x0000000089400000, 0x0000000089400000, 0x0000000089500000|  0%| F|  |TAMS 0x0000000089400000, 0x0000000089400000| Untracked 
| 115|0x0000000089500000, 0x0000000089500000, 0x0000000089600000|  0%| F|  |TAMS 0x0000000089500000, 0x0000000089500000| Untracked 
| 116|0x0000000089600000, 0x0000000089600000, 0x0000000089700000|  0%| F|  |TAMS 0x0000000089600000, 0x0000000089600000| Untracked 
| 117|0x0000000089700000, 0x0000000089756638, 0x0000000089800000| 33%| S|CS|TAMS 0x0000000089700000, 0x0000000089700000| Complete 
| 118|0x0000000089800000, 0x0000000089900000, 0x0000000089900000|100%| S|CS|TAMS 0x0000000089800000, 0x0000000089800000| Complete 
| 119|0x0000000089900000, 0x0000000089a00000, 0x0000000089a00000|100%| S|CS|TAMS 0x0000000089900000, 0x0000000089900000| Complete 
| 120|0x0000000089a00000, 0x0000000089b00000, 0x0000000089b00000|100%| S|CS|TAMS 0x0000000089a00000, 0x0000000089a00000| Complete 
| 121|0x0000000089b00000, 0x0000000089c00000, 0x0000000089c00000|100%| S|CS|TAMS 0x0000000089b00000, 0x0000000089b00000| Complete 
| 122|0x0000000089c00000, 0x0000000089d00000, 0x0000000089d00000|100%| S|CS|TAMS 0x0000000089c00000, 0x0000000089c00000| Complete 
| 123|0x0000000089d00000, 0x0000000089d00000, 0x0000000089e00000|  0%| F|  |TAMS 0x0000000089d00000, 0x0000000089d00000| Untracked 
| 124|0x0000000089e00000, 0x0000000089e00000, 0x0000000089f00000|  0%| F|  |TAMS 0x0000000089e00000, 0x0000000089e00000| Untracked 
| 125|0x0000000089f00000, 0x0000000089f00000, 0x000000008a000000|  0%| F|  |TAMS 0x0000000089f00000, 0x0000000089f00000| Untracked 

Card table byte_map: [0x0000027ec0270000,0x0000027ec0660000] _byte_map_base: 0x0000027ebfe5f000

Marking Bits (Prev, Next): (CMBitMap*) 0x0000027ea848bf40, (CMBitMap*) 0x0000027ea848bf08
 Prev Bits: [0x0000027ec29d0000, 0x0000027ec4948000)
 Next Bits: [0x0000027ec0a50000, 0x0000027ec29c8000)

Polling page: 0x0000027ea6410000

Metaspace:

Usage:
  Non-class:     28.38 MB capacity,    27.82 MB ( 98%) used,   459.65 KB (  2%) free+waste,   108.75 KB ( <1%) overhead. 
      Class:      4.10 MB capacity,     3.71 MB ( 91%) used,   343.38 KB (  8%) free+waste,    53.44 KB (  1%) overhead. 
       Both:     32.48 MB capacity,    31.53 MB ( 97%) used,   803.02 KB (  2%) free+waste,   162.19 KB ( <1%) overhead. 

Virtual space:
  Non-class space:       44.00 MB reserved,      28.42 MB ( 65%) committed 
      Class space:        1.00 GB reserved,       4.13 MB ( <1%) committed 
             Both:        1.04 GB reserved,      32.55 MB (  3%) committed 

Chunk freelists:
   Non-Class:  43.00 KB
       Class:  0 bytes
        Both:  43.00 KB

MaxMetaspaceSize: 17179869184.00 GB
CompressedClassSpaceSize: 1.00 GB

CodeHeap 'non-profiled nmethods': size=238336Kb used=4773Kb max_used=4773Kb free=233562Kb
 bounds [0x0000027eb1290000, 0x0000027eb1740000, 0x0000027ebfb50000]
CodeHeap 'non-nmethods': size=7424Kb used=1252Kb max_used=1252Kb free=6171Kb
 bounds [0x0000027eb0b50000, 0x0000027eb0dc0000, 0x0000027eb1290000]
 total_blobs=3539 nmethods=3033 adapters=440
 compilation: enabled
              stopped_count=0, restarted_count=0
 full_count=0

Compilation events (20 events):
Event: 6.762 Thread 0x0000027ec7d46800 3024       1       org.springframework.beans.factory.support.AbstractBeanFactory::isTypeMatch (607 bytes)
Event: 6.767 Thread 0x0000027ec7d46800 nmethod 3024 0x0000027eb1733990 code [0x0000027eb1733da0, 0x0000027eb17352f8]
Event: 6.781 Thread 0x0000027ec7d46800 3025       1       java.util.LinkedHashMap$LinkedValues::size (8 bytes)
Event: 6.781 Thread 0x0000027ec7d46800 nmethod 3025 0x0000027eb1736190 code [0x0000027eb1736340, 0x0000027eb17363f8]
Event: 6.781 Thread 0x0000027ec7d46800 3027       1       org.springframework.core.annotation.TypeMappedAnnotations$MergedAnnotationFinder::doWithAggregate (7 bytes)
Event: 6.781 Thread 0x0000027ec7d46800 nmethod 3027 0x0000027eb1736990 code [0x0000027eb1736b40, 0x0000027eb1736bf8]
Event: 6.781 Thread 0x0000027ec7d46800 3030       1       org.springframework.core.annotation.TypeMappedAnnotations$MergedAnnotationFinder::doWithAnnotations (75 bytes)
Event: 6.782 Thread 0x0000027ec7d46800 nmethod 3030 0x0000027eb1736c90 code [0x0000027eb1736e60, 0x0000027eb1737038]
Event: 6.782 Thread 0x0000027ec7d46800 3033   !   1       org.springframework.core.annotation.AnnotationsScanner::processClassHierarchy (227 bytes)
Event: 6.783 Thread 0x0000027ec7d46800 nmethod 3033 0x0000027eb1737210 code [0x0000027eb1737480, 0x0000027eb1737a88]
Event: 6.783 Thread 0x0000027ec7d46800 3029       1       org.springframework.core.annotation.TypeMappedAnnotations$MergedAnnotationFinder::doWithAnnotations (10 bytes)
Event: 6.784 Thread 0x0000027ec7d46800 nmethod 3029 0x0000027eb1738190 code [0x0000027eb1738340, 0x0000027eb1738448]
Event: 6.784 Thread 0x0000027ec7d46800 3028       1       org.springframework.core.annotation.TypeMappedAnnotations$MergedAnnotationFinder::doWithAggregate (5 bytes)
Event: 6.784 Thread 0x0000027ec7d46800 nmethod 3028 0x0000027eb1738510 code [0x0000027eb17386c0, 0x0000027eb1738778]
Event: 6.784 Thread 0x0000027ec7d46800 3031       1       org.springframework.core.OrderComparator::compare (8 bytes)
Event: 6.784 Thread 0x0000027ec7d46800 nmethod 3031 0x0000027eb1738810 code [0x0000027eb17389c0, 0x0000027eb1738ac8]
Event: 6.784 Thread 0x0000027ec7d46800 3032       1       org.springframework.core.OrderComparator::doCompare (60 bytes)
Event: 6.785 Thread 0x0000027ec7d46800 nmethod 3032 0x0000027eb1738b90 code [0x0000027eb1738d60, 0x0000027eb1738fb8]
Event: 6.785 Thread 0x0000027ec7d46800 3034       1       java.lang.Class::getGenericInterfaces (21 bytes)
Event: 6.786 Thread 0x0000027ec7d46800 nmethod 3034 0x0000027eb1739090 code [0x0000027eb1739280, 0x0000027eb17394b8]

GC Heap History (14 events):
Event: 3.249 GC heap before
{Heap before GC invocations=0 (full 0):
 garbage-first heap   total 129024K, used 24576K [0x0000000082200000, 0x0000000100000000)
  region size 1024K, 24 young (24576K), 0 survivors (0K)
 Metaspace       used 13337K, capacity 13739K, committed 13824K, reserved 1060864K
  class space    used 1362K, capacity 1476K, committed 1536K, reserved 1048576K
}
Event: 3.262 GC heap after
{Heap after GC invocations=1 (full 0):
 garbage-first heap   total 129024K, used 8889K [0x0000000082200000, 0x0000000100000000)
  region size 1024K, 3 young (3072K), 3 survivors (3072K)
 Metaspace       used 13337K, capacity 13739K, committed 13824K, reserved 1060864K
  class space    used 1362K, capacity 1476K, committed 1536K, reserved 1048576K
}
Event: 3.681 GC heap before
{Heap before GC invocations=1 (full 0):
 garbage-first heap   total 129024K, used 24249K [0x0000000082200000, 0x0000000100000000)
  region size 1024K, 18 young (18432K), 3 survivors (3072K)
 Metaspace       used 14985K, capacity 15429K, committed 15616K, reserved 1062912K
  class space    used 1593K, capacity 1748K, committed 1792K, reserved 1048576K
}
Event: 3.688 GC heap after
{Heap after GC invocations=2 (full 0):
 garbage-first heap   total 129024K, used 9452K [0x0000000082200000, 0x0000000100000000)
  region size 1024K, 1 young (1024K), 1 survivors (1024K)
 Metaspace       used 14985K, capacity 15429K, committed 15616K, reserved 1062912K
  class space    used 1593K, capacity 1748K, committed 1792K, reserved 1048576K
}
Event: 4.606 GC heap before
{Heap before GC invocations=2 (full 0):
 garbage-first heap   total 129024K, used 45292K [0x0000000082200000, 0x0000000100000000)
  region size 1024K, 37 young (37888K), 1 survivors (1024K)
 Metaspace       used 20509K, capacity 21228K, committed 21296K, reserved 1069056K
  class space    used 2371K, capacity 2662K, committed 2688K, reserved 1048576K
}
Event: 4.614 GC heap after
{Heap after GC invocations=3 (full 0):
 garbage-first heap   total 129024K, used 11275K [0x0000000082200000, 0x0000000100000000)
  region size 1024K, 3 young (3072K), 3 survivors (3072K)
 Metaspace       used 20509K, capacity 21228K, committed 21296K, reserved 1069056K
  class space    used 2371K, capacity 2662K, committed 2688K, reserved 1048576K
}
Event: 5.211 GC heap before
{Heap before GC invocations=4 (full 0):
 garbage-first heap   total 129024K, used 62475K [0x0000000082200000, 0x0000000100000000)
  region size 1024K, 52 young (53248K), 3 survivors (3072K)
 Metaspace       used 26838K, capacity 27667K, committed 27952K, reserved 1073152K
  class space    used 3053K, capacity 3403K, committed 3456K, reserved 1048576K
}
Event: 5.224 GC heap after
{Heap after GC invocations=5 (full 0):
 garbage-first heap   total 129024K, used 12373K [0x0000000082200000, 0x0000000100000000)
  region size 1024K, 4 young (4096K), 4 survivors (4096K)
 Metaspace       used 26838K, capacity 27667K, committed 27952K, reserved 1073152K
  class space    used 3053K, capacity 3403K, committed 3456K, reserved 1048576K
}
Event: 5.734 GC heap before
{Heap before GC invocations=6 (full 0):
 garbage-first heap   total 129024K, used 75861K [0x0000000082200000, 0x0000000100000000)
  region size 1024K, 67 young (68608K), 4 survivors (4096K)
 Metaspace       used 29765K, capacity 30707K, committed 30896K, reserved 1077248K
  class space    used 3446K, capacity 3799K, committed 3840K, reserved 1048576K
}
Event: 5.860 GC heap after
{Heap after GC invocations=7 (full 0):
 garbage-first heap   total 129024K, used 13848K [0x0000000082200000, 0x0000000100000000)
  region size 1024K, 5 young (5120K), 5 survivors (5120K)
 Metaspace       used 29765K, capacity 30707K, committed 30896K, reserved 1077248K
  class space    used 3446K, capacity 3799K, committed 3840K, reserved 1048576K
}
Event: 6.696 GC heap before
{Heap before GC invocations=7 (full 0):
 garbage-first heap   total 129024K, used 63000K [0x0000000082200000, 0x0000000100000000)
  region size 1024K, 55 young (56320K), 5 survivors (5120K)
 Metaspace       used 32025K, capacity 32999K, committed 33072K, reserved 1085440K
  class space    used 3753K, capacity 4151K, committed 4224K, reserved 1048576K
}
Event: 6.715 GC heap after
{Heap after GC invocations=8 (full 0):
 garbage-first heap   total 129024K, used 14622K [0x0000000082200000, 0x0000000100000000)
  region size 1024K, 6 young (6144K), 6 survivors (6144K)
 Metaspace       used 32025K, capacity 32999K, committed 33072K, reserved 1085440K
  class space    used 3753K, capacity 4151K, committed 4224K, reserved 1048576K
}
Event: 6.786 GC heap before
{Heap before GC invocations=9 (full 0):
 garbage-first heap   total 129024K, used 16670K [0x0000000082200000, 0x0000000100000000)
  region size 1024K, 9 young (9216K), 6 survivors (6144K)
 Metaspace       used 32290K, capacity 33256K, committed 33328K, reserved 1091584K
  class space    used 3798K, capacity 4195K, committed 4224K, reserved 1048576K
}
Event: 6.801 GC heap after
{Heap after GC invocations=10 (full 0):
 garbage-first heap   total 129024K, used 14766K [0x0000000082200000, 0x0000000100000000)
  region size 1024K, 6 young (6144K), 6 survivors (6144K)
 Metaspace       used 32290K, capacity 33256K, committed 33328K, reserved 1091584K
  class space    used 3798K, capacity 4195K, committed 4224K, reserved 1048576K
}

Deoptimization events (20 events):
Event: 6.762 Thread 0x0000027ea844d000 DEOPT PACKING pc=0x0000027eb14adb3c sp=0x00000087fa2fd6b0
Event: 6.762 Thread 0x0000027ea844d000 DEOPT UNPACKING pc=0x0000027eb0b8b8de sp=0x00000087fa2fcbf0 mode 1
Event: 6.762 Thread 0x0000027ea844d000 DEOPT PACKING pc=0x0000027eb146e744 sp=0x00000087fa2fd7e0
Event: 6.762 Thread 0x0000027ea844d000 DEOPT UNPACKING pc=0x0000027eb0b8b8de sp=0x00000087fa2fcd30 mode 1
Event: 6.762 Thread 0x0000027ea844d000 DEOPT PACKING pc=0x0000027eb14a37f4 sp=0x00000087fa2fd910
Event: 6.762 Thread 0x0000027ea844d000 DEOPT UNPACKING pc=0x0000027eb0b8b8de sp=0x00000087fa2fcdd0 mode 1
Event: 6.762 Thread 0x0000027ea844d000 DEOPT PACKING pc=0x0000027eb142b2a4 sp=0x00000087fa2fd990
Event: 6.762 Thread 0x0000027ea844d000 DEOPT UNPACKING pc=0x0000027eb0b8b8de sp=0x00000087fa2fced8 mode 1
Event: 6.762 Thread 0x0000027ea844d000 DEOPT PACKING pc=0x0000027eb144fc54 sp=0x00000087fa2fdac0
Event: 6.762 Thread 0x0000027ea844d000 DEOPT UNPACKING pc=0x0000027eb0b8b8de sp=0x00000087fa2fcf58 mode 1
Event: 6.762 Thread 0x0000027ea844d000 DEOPT PACKING pc=0x0000027eb144e51c sp=0x00000087fa2fdb90
Event: 6.762 Thread 0x0000027ea844d000 DEOPT UNPACKING pc=0x0000027eb0b8b8de sp=0x00000087fa2fd048 mode 1
Event: 6.762 Thread 0x0000027ea844d000 DEOPT PACKING pc=0x0000027eb149b374 sp=0x00000087fa2fe630
Event: 6.762 Thread 0x0000027ea844d000 DEOPT UNPACKING pc=0x0000027eb0b8b8de sp=0x00000087fa2fdb08 mode 1
Event: 6.762 Thread 0x0000027ea844d000 DEOPT PACKING pc=0x0000027eb15fba0c sp=0x00000087fa2fe6d0
Event: 6.762 Thread 0x0000027ea844d000 DEOPT UNPACKING pc=0x0000027eb0b8b8de sp=0x00000087fa2fdc68 mode 1
Event: 6.762 Thread 0x0000027ea844d000 DEOPT PACKING pc=0x0000027eb17328d4 sp=0x00000087fa2fea10
Event: 6.762 Thread 0x0000027ea844d000 DEOPT UNPACKING pc=0x0000027eb0b8b8de sp=0x00000087fa2fdee0 mode 1
Event: 6.762 Thread 0x0000027ea844d000 DEOPT PACKING pc=0x0000027eb172d4a4 sp=0x00000087fa2feaa0
Event: 6.762 Thread 0x0000027ea844d000 DEOPT UNPACKING pc=0x0000027eb0b8b8de sp=0x00000087fa2fdf80 mode 1

Classes redefined (0 events):
No events

Internal exceptions (20 events):
Event: 4.939 Thread 0x0000027ea844d000 Exception <a 'java/lang/ClassNotFoundException'{0x00000000882717a0}: org/springframework/beans/factory/config/BeanFactoryPostProcessorCustomizer> (0x00000000882717a0) thrown at [./src/hotspot/share/classfile/systemDictionary.cpp, line 231]
Event: 4.940 Thread 0x0000027ea844d000 Exception <a 'java/lang/ClassNotFoundException'{0x0000000088172d90}: org/springframework/core/PriorityOrderedCustomizer> (0x0000000088172d90) thrown at [./src/hotspot/share/classfile/systemDictionary.cpp, line 231]
Event: 4.942 Thread 0x0000027ea844d000 Exception <a 'java/lang/ClassNotFoundException'{0x0000000088186098}: org/springframework/core/OrderedCustomizer> (0x0000000088186098) thrown at [./src/hotspot/share/classfile/systemDictionary.cpp, line 231]
Event: 4.950 Thread 0x0000027ec7e88000 Exception <a 'java/lang/reflect/InvocationTargetException'{0x00000000881f56a8}> (0x00000000881f56a8) thrown at [./src/hotspot/share/runtime/reflection.cpp, line 1247]
Event: 4.956 Thread 0x0000027ea844d000 Exception <a 'java/lang/ClassNotFoundException'{0x000000008819ca18}: org/springframework/context/ResourceLoaderAwareCustomizer> (0x000000008819ca18) thrown at [./src/hotspot/share/classfile/systemDictionary.cpp, line 231]
Event: 4.958 Thread 0x0000027ea844d000 Exception <a 'java/lang/ClassNotFoundException'{0x00000000881b1f50}: org/springframework/beans/factory/AwareCustomizer> (0x00000000881b1f50) thrown at [./src/hotspot/share/classfile/systemDictionary.cpp, line 231]
Event: 4.959 Thread 0x0000027ea844d000 Exception <a 'java/lang/ClassNotFoundException'{0x00000000881c88a0}: org/springframework/context/ApplicationStartupAwareCustomizer> (0x00000000881c88a0) thrown at [./src/hotspot/share/classfile/systemDictionary.cpp, line 231]
Event: 4.961 Thread 0x0000027ea844d000 Exception <a 'java/lang/ClassNotFoundException'{0x00000000881de050}: org/springframework/beans/factory/AwareCustomizer> (0x00000000881de050) thrown at [./src/hotspot/share/classfile/systemDictionary.cpp, line 231]
Event: 4.962 Thread 0x0000027ea844d000 Exception <a 'java/lang/ClassNotFoundException'{0x00000000880aad48}: org/springframework/beans/factory/BeanClassLoaderAwareCustomizer> (0x00000000880aad48) thrown at [./src/hotspot/share/classfile/systemDictionary.cpp, line 231]
Event: 4.963 Thread 0x0000027ea844d000 Exception <a 'java/lang/ClassNotFoundException'{0x00000000880c0298}: org/springframework/beans/factory/AwareCustomizer> (0x00000000880c0298) thrown at [./src/hotspot/share/classfile/systemDictionary.cpp, line 231]
Event: 4.964 Thread 0x0000027ea844d000 Exception <a 'java/lang/ClassNotFoundException'{0x00000000880d5950}: org/springframework/context/EnvironmentAwareCustomizer> (0x00000000880d5950) thrown at [./src/hotspot/share/classfile/systemDictionary.cpp, line 231]
Event: 4.966 Thread 0x0000027ea844d000 Exception <a 'java/lang/ClassNotFoundException'{0x00000000880eae18}: org/springframework/beans/factory/AwareCustomizer> (0x00000000880eae18) thrown at [./src/hotspot/share/classfile/systemDictionary.cpp, line 231]
Event: 5.464 Thread 0x0000027ec7e88000 Exception <a 'java/lang/reflect/InvocationTargetException'{0x0000000088c82e58}> (0x0000000088c82e58) thrown at [./src/hotspot/share/runtime/reflection.cpp, line 1247]
Event: 6.003 Thread 0x0000027ec7e88000 Exception <a 'java/lang/reflect/InvocationTargetException'{0x0000000088709998}> (0x0000000088709998) thrown at [./src/hotspot/share/runtime/reflection.cpp, line 1247]
Event: 6.023 Thread 0x0000027ec7e8a800 Exception <a 'java/lang/NoSuchMethodError'{0x00000000886372a0}: 'java.lang.Object java.lang.invoke.DirectMethodHandle$Holder.invokeVirtual(java.lang.Object, java.lang.Object, java.lang.Object, java.lang.Object)'> (0x00000000886372a0) thrown at [./src/hotspot/share/interpreter/linkResolver.cpp, line 773]
Event: 6.073 Thread 0x0000027ea844d000 Exception <a 'java/lang/IncompatibleClassChangeError'{0x0000000088575fb0}: Found class java.lang.Object, but interface was expected> (0x0000000088575fb0) thrown at [./src/hotspot/share/interpreter/linkResolver.cpp, line 839]
Event: 6.131 Thread 0x0000027ea844d000 Exception <a 'java/lang/NoSuchMethodError'{0x00000000883ad4a0}: 'void java.lang.invoke.DirectMethodHandle$Holder.invokeInterface(java.lang.Object, java.lang.Object, java.lang.Object, java.lang.Object)'> (0x00000000883ad4a0) thrown at [./src/hotspot/share/interpreter/linkResolver.cpp, line 773]
Event: 6.570 Thread 0x0000027ec7e88000 Exception <a 'java/lang/reflect/InvocationTargetException'{0x0000000088716a80}> (0x0000000088716a80) thrown at [./src/hotspot/share/runtime/reflection.cpp, line 1247]
Event: 6.755 Thread 0x0000027ea844d000 Exception <a 'java/lang/OutOfMemoryError'{0x0000000089e17b50}> (0x0000000089e17b50) thrown at [./src/hotspot/share/prims/jni.cpp, line 636]
Event: 6.762 Thread 0x0000027ea844d000 Exception <a 'java/lang/OutOfMemoryError'{0x0000000089e68e98}> (0x0000000089e68e98) thrown at [./src/hotspot/share/prims/jni.cpp, line 636]

Events (20 events):
Event: 6.776 loading class org/springframework/boot/autoconfigure/data/redis/RedisUrlSyntaxFailureAnalyzer done
Event: 6.776 loading class org/springframework/boot/autoconfigure/diagnostics/analyzer/NoSuchBeanDefinitionFailureAnalyzer
Event: 6.776 loading class org/springframework/boot/autoconfigure/diagnostics/analyzer/NoSuchBeanDefinitionFailureAnalyzer done
Event: 6.777 loading class org/springframework/boot/autoconfigure/flyway/FlywayMigrationScriptMissingFailureAnalyzer
Event: 6.777 loading class org/springframework/boot/autoconfigure/flyway/FlywayMigrationScriptMissingFailureAnalyzer done
Event: 6.778 loading class org/springframework/boot/autoconfigure/jdbc/DataSourceBeanCreationFailureAnalyzer
Event: 6.778 loading class org/springframework/boot/autoconfigure/jdbc/DataSourceBeanCreationFailureAnalyzer done
Event: 6.779 loading class org/springframework/boot/autoconfigure/jdbc/HikariDriverConfigurationFailureAnalyzer
Event: 6.779 loading class org/springframework/boot/autoconfigure/jdbc/HikariDriverConfigurationFailureAnalyzer done
Event: 6.779 loading class org/springframework/boot/autoconfigure/r2dbc/ConnectionFactoryBeanCreationFailureAnalyzer
Event: 6.779 loading class org/springframework/boot/autoconfigure/r2dbc/ConnectionFactoryBeanCreationFailureAnalyzer done
Event: 6.780 loading class org/springframework/boot/autoconfigure/session/NonUniqueSessionRepositoryFailureAnalyzer
Event: 6.780 loading class org/springframework/boot/autoconfigure/session/NonUniqueSessionRepositoryFailureAnalyzer done
Event: 6.782 loading class org/springframework/boot/context/properties/IncompatibleConfigurationException
Event: 6.782 loading class org/springframework/boot/context/properties/IncompatibleConfigurationException done
Event: 6.783 loading class org/springframework/beans/factory/BeanCurrentlyInCreationException
Event: 6.783 loading class org/springframework/beans/factory/BeanCurrentlyInCreationException done
Event: 6.783 loading class org/springframework/beans/factory/BeanCreationException
Event: 6.783 loading class org/springframework/beans/factory/BeanCreationException done
Event: 6.786 Executing VM operation: CollectForMetadataAllocation


Dynamic libraries:
0x00007ff654200000 - 0x00007ff65420d000 	C:\Users\dell\.jdks\corretto-11.0.11\bin\java.exe
0x00007fff322b0000 - 0x00007fff324a5000 	C:\WINDOWS\SYSTEM32\ntdll.dll
0x00007fff30d80000 - 0x00007fff30e3d000 	C:\WINDOWS\System32\KERNEL32.DLL
0x00007fff30050000 - 0x00007fff30318000 	C:\WINDOWS\System32\KERNELBASE.dll
0x00007fff2fcc0000 - 0x00007fff2fdc0000 	C:\WINDOWS\System32\ucrtbase.dll
0x00007fff1db90000 - 0x00007fff1dba9000 	C:\Users\dell\.jdks\corretto-11.0.11\bin\VCRUNTIME140.dll
0x00007fff2b220000 - 0x00007fff2b237000 	C:\Users\dell\.jdks\corretto-11.0.11\bin\jli.dll
0x00007fff30320000 - 0x00007fff304c0000 	C:\WINDOWS\System32\USER32.dll
0x00007fff2fad0000 - 0x00007fff2faf2000 	C:\WINDOWS\System32\win32u.dll
0x00007fff31490000 - 0x00007fff314ba000 	C:\WINDOWS\System32\GDI32.dll
0x00007fff2fb00000 - 0x00007fff2fc0b000 	C:\WINDOWS\System32\gdi32full.dll
0x00007fff0f990000 - 0x00007fff0fc2a000 	C:\WINDOWS\WinSxS\amd64_microsoft.windows.common-controls_6595b64144ccf1df_6.0.19041.1052_none_60b8f8fd71f5e8cb\COMCTL32.dll
0x00007fff2ff80000 - 0x00007fff3001d000 	C:\WINDOWS\System32\msvcp_win.dll
0x00007fff30920000 - 0x00007fff309be000 	C:\WINDOWS\System32\msvcrt.dll
0x00007fff30ae0000 - 0x00007fff30b10000 	C:\WINDOWS\System32\IMM32.DLL
0x00007fff0aef0000 - 0x00007fff0af8b000 	C:\Users\dell\.jdks\corretto-11.0.11\bin\msvcp140.dll
0x00007ffed0c70000 - 0x00007ffed17bc000 	C:\Users\dell\.jdks\corretto-11.0.11\bin\server\jvm.dll
0x00007fff30560000 - 0x00007fff3060c000 	C:\WINDOWS\System32\ADVAPI32.dll
0x00007fff304c0000 - 0x00007fff3055b000 	C:\WINDOWS\System32\sechost.dll
0x00007fff32140000 - 0x00007fff3226b000 	C:\WINDOWS\System32\RPCRT4.dll
0x00007fff30910000 - 0x00007fff30918000 	C:\WINDOWS\System32\PSAPI.DLL
0x00007fff2af10000 - 0x00007fff2af1a000 	C:\WINDOWS\SYSTEM32\VERSION.dll
0x00007fff11910000 - 0x00007fff11919000 	C:\WINDOWS\SYSTEM32\WSOCK32.dll
0x00007fff13680000 - 0x00007fff136a7000 	C:\WINDOWS\SYSTEM32\WINMM.dll
0x00007fff310c0000 - 0x00007fff3112b000 	C:\WINDOWS\System32\WS2_32.dll
0x00007fff2d940000 - 0x00007fff2d952000 	C:\WINDOWS\SYSTEM32\kernel.appcore.dll
0x00007fff1db80000 - 0x00007fff1db90000 	C:\Users\dell\.jdks\corretto-11.0.11\bin\verify.dll
0x00007fff22770000 - 0x00007fff22954000 	C:\WINDOWS\SYSTEM32\DBGHELP.DLL
0x00007fff137b0000 - 0x00007fff137dc000 	C:\WINDOWS\SYSTEM32\dbgcore.DLL
0x00007fff2fa40000 - 0x00007fff2fac3000 	C:\WINDOWS\System32\bcryptPrimitives.dll
0x00007fff1db50000 - 0x00007fff1db78000 	C:\Users\dell\.jdks\corretto-11.0.11\bin\java.dll
0x00007fff1db40000 - 0x00007fff1db4a000 	C:\Users\dell\.jdks\corretto-11.0.11\bin\jimage.dll
0x00007fff12040000 - 0x00007fff12078000 	C:\Users\dell\.jdks\corretto-11.0.11\bin\jdwp.dll
0x00007fff16020000 - 0x00007fff1602e000 	C:\Users\dell\.jdks\corretto-11.0.11\bin\instrument.dll
0x00007fff1d950000 - 0x00007fff1d967000 	C:\Users\dell\.jdks\corretto-11.0.11\bin\zip.dll
0x00007fff319a0000 - 0x00007fff320df000 	C:\WINDOWS\System32\SHELL32.dll
0x00007fff2db40000 - 0x00007fff2e2d0000 	C:\WINDOWS\SYSTEM32\windows.storage.dll
0x00007fff31130000 - 0x00007fff31485000 	C:\WINDOWS\System32\combase.dll
0x00007fff2f460000 - 0x00007fff2f48c000 	C:\WINDOWS\SYSTEM32\Wldp.dll
0x00007fff31010000 - 0x00007fff310be000 	C:\WINDOWS\System32\SHCORE.dll
0x00007fff30620000 - 0x00007fff30675000 	C:\WINDOWS\System32\shlwapi.dll
0x00007fff2f930000 - 0x00007fff2f94f000 	C:\WINDOWS\SYSTEM32\profapi.dll
0x00007fff15a00000 - 0x00007fff15a0a000 	C:\Users\dell\.jdks\corretto-11.0.11\bin\dt_socket.dll
0x00007fff2f1d0000 - 0x00007fff2f23a000 	C:\WINDOWS\system32\mswsock.dll
0x00007fff1cb80000 - 0x00007fff1cb99000 	C:\Users\dell\.jdks\corretto-11.0.11\bin\net.dll
0x00007fff1ed40000 - 0x00007fff1ee4b000 	C:\WINDOWS\SYSTEM32\WINHTTP.dll
0x00007fff1ca90000 - 0x00007fff1caa2000 	C:\Users\dell\.jdks\corretto-11.0.11\bin\nio.dll
0x00007fff2eeb0000 - 0x00007fff2ef7c000 	C:\WINDOWS\SYSTEM32\DNSAPI.dll
0x00007fff2ee70000 - 0x00007fff2eeab000 	C:\WINDOWS\SYSTEM32\IPHLPAPI.DLL
0x00007fff31520000 - 0x00007fff31528000 	C:\WINDOWS\System32\NSI.dll
0x00007fff1bc50000 - 0x00007fff1bc5a000 	C:\Windows\System32\rasadhlp.dll
0x00007fff1ecc0000 - 0x00007fff1ed3f000 	C:\WINDOWS\System32\fwpuclnt.dll
0x00007fff30020000 - 0x00007fff30047000 	C:\WINDOWS\System32\bcrypt.dll
0x00007fff168b0000 - 0x00007fff168b9000 	C:\Users\dell\.jdks\corretto-11.0.11\bin\management.dll
0x00007fff163c0000 - 0x00007fff163cb000 	C:\Users\dell\.jdks\corretto-11.0.11\bin\management_ext.dll
0x00007fff2f3a0000 - 0x00007fff2f3b8000 	C:\WINDOWS\SYSTEM32\CRYPTSP.dll
0x00007fff2eb00000 - 0x00007fff2eb34000 	C:\WINDOWS\system32\rsaenh.dll
0x00007fff2f8f0000 - 0x00007fff2f91e000 	C:\WINDOWS\SYSTEM32\USERENV.dll
0x00007fff2f3c0000 - 0x00007fff2f3cc000 	C:\WINDOWS\SYSTEM32\CRYPTBASE.dll
0x00007fff28590000 - 0x00007fff285a7000 	C:\WINDOWS\SYSTEM32\dhcpcsvc6.DLL
0x00007fff29070000 - 0x00007fff2908d000 	C:\WINDOWS\SYSTEM32\dhcpcsvc.DLL
0x00007fff0fc60000 - 0x00007fff0fc77000 	C:\WINDOWS\system32\napinsp.dll
0x00007fff0fc40000 - 0x00007fff0fc5b000 	C:\WINDOWS\system32\pnrpnsp.dll
0x00007fff0f640000 - 0x00007fff0f655000 	C:\WINDOWS\system32\wshbth.dll
0x00007fff2c380000 - 0x00007fff2c39d000 	C:\WINDOWS\system32\NLAapi.dll
0x00007fff0f5a0000 - 0x00007fff0f5b2000 	C:\WINDOWS\System32\winrnr.dll

dbghelp: loaded successfully - version: 4.0.5 - missing functions: none
symbol engine: initialized successfully - sym options: 0x614 - pdb path: .;C:\Users\dell\.jdks\corretto-11.0.11\bin;C:\WINDOWS\SYSTEM32;C:\WINDOWS\WinSxS\amd64_microsoft.windows.common-controls_6595b64144ccf1df_6.0.19041.1052_none_60b8f8fd71f5e8cb;C:\Users\dell\.jdks\corretto-11.0.11\bin\server

VM Arguments:
jvm_args: -agentlib:jdwp=transport=dt_socket,address=127.0.0.1:61350,suspend=y,server=n -XX:TieredStopAtLevel=1 -Xverify:none -Dspring.output.ansi.enabled=always -javaagent:C:\Users\dell\AppData\Local\JetBrains\IntelliJIdea2021.1\captureAgent\debugger-agent.jar -Dcom.sun.management.jmxremote -Dspring.jmx.enabled=true -Dspring.liveBeansView.mbeanDomain -Dspring.application.admin.enabled=true -Dfile.encoding=UTF-8 
java_command: com.onegateafrica.LocaApplication
java_class_path (initial): C:\Users\dell\Desktop\Loca-Back\target\classes;C:\Users\dell\.m2\repository\org\springframework\boot\spring-boot-starter-data-jpa\2.4.3\spring-boot-starter-data-jpa-2.4.3.jar;C:\Users\dell\.m2\repository\org\springframework\boot\spring-boot-starter-aop\2.4.3\spring-boot-starter-aop-2.4.3.jar;C:\Users\dell\.m2\repository\org\aspectj\aspectjweaver\1.9.6\aspectjweaver-1.9.6.jar;C:\Users\dell\.m2\repository\org\springframework\boot\spring-boot-starter-jdbc\2.4.3\spring-boot-starter-jdbc-2.4.3.jar;C:\Users\dell\.m2\repository\com\zaxxer\HikariCP\3.4.5\HikariCP-3.4.5.jar;C:\Users\dell\.m2\repository\org\springframework\spring-jdbc\5.3.4\spring-jdbc-5.3.4.jar;C:\Users\dell\.m2\repository\jakarta\transaction\jakarta.transaction-api\1.3.3\jakarta.transaction-api-1.3.3.jar;C:\Users\dell\.m2\repository\jakarta\persistence\jakarta.persistence-api\2.2.3\jakarta.persistence-api-2.2.3.jar;C:\Users\dell\.m2\repository\org\hibernate\hibernate-core\5.4.28.Final\hibernate-core-5.4.28.Final.jar;C:\Users\dell\.m2\repository\org\jboss\logging\jboss-logging\3.4.1.Final\jboss-logging-3.4.1.Final.jar;C:\Users\dell\.m2\repository\org\javassist\javassist\3.27.0-GA\javassist-3.27.0-GA.jar;C:\Users\dell\.m2\repository\net\bytebuddy\byte-buddy\1.10.20\byte-buddy-1.10.20.jar;C:\Users\dell\.m2\repository\antlr\antlr\2.7.7\antlr-2.7.7.jar;C:\Users\dell\.m2\repository\org\jboss\jandex\2.2.3.Final\jandex-2.2.3.Final.jar;C:\Users\dell\.m2\repository\com\fasterxml\classmate\1.5.1\classmate-1.5.1.jar;C:\Users\dell\.m2\repository\org\dom4j\dom4j\2.1.3\dom4j-2.1.3.jar;C:\Users\dell\.m2\repository\org\hibernate\common\hibernate-commons-annotations\5.1.2.Final\hibernate-commons-annotations-5.1.2.Final.jar;C:\Users\dell\.m2\repository\org\glassfish\jaxb\jaxb-runtime\2.3.3\jaxb-runtime-2.3.3.jar;C:\Users\dell\.m2\repository\org\glassfish\jaxb\txw2\2.3.3\txw2-2.3.3.jar;C:\Users\dell\.m2\repository\com\sun\istack\istack-commons-runtime\3.0.11\istack-commons-runtime-3.0.11.jar;C:\Use
Launcher Type: SUN_STANDARD

[Global flags]
     bool BytecodeVerificationLocal                = false                                     {product} {command line}
     bool BytecodeVerificationRemote               = false                                     {product} {command line}
     intx CICompilerCount                          = 4                                         {product} {ergonomic}
     uint ConcGCThreads                            = 2                                         {product} {ergonomic}
     uint G1ConcRefinementThreads                  = 8                                         {product} {ergonomic}
   size_t G1HeapRegionSize                         = 1048576                                   {product} {ergonomic}
    uintx GCDrainStackTargetSize                   = 64                                        {product} {ergonomic}
   size_t InitialHeapSize                          = 132120576                                 {product} {ergonomic}
     bool ManagementServer                         = true                                      {product} {command line}
   size_t MarkStackSize                            = 4194304                                   {product} {ergonomic}
   size_t MaxHeapSize                              = 2111832064                                {product} {ergonomic}
   size_t MaxNewSize                               = 1266679808                                {product} {ergonomic}
   size_t MinHeapDeltaBytes                        = 1048576                                   {product} {ergonomic}
    uintx NonNMethodCodeHeapSize                   = 7549744                                {pd product} {ergonomic}
    uintx NonProfiledCodeHeapSize                  = 244108496                              {pd product} {ergonomic}
    uintx ProfiledCodeHeapSize                     = 0                                      {pd product} {ergonomic}
    uintx ReservedCodeCacheSize                    = 251658240                              {pd product} {ergonomic}
     bool SegmentedCodeCache                       = true                                      {product} {ergonomic}
     intx TieredStopAtLevel                        = 1                                         {product} {command line}
     bool UseCompressedClassPointers               = true                                 {lp64_product} {ergonomic}
     bool UseCompressedOops                        = true                                 {lp64_product} {ergonomic}
     bool UseG1GC                                  = true                                      {product} {ergonomic}
     bool UseLargePagesIndividualAllocation        = false                                  {pd product} {ergonomic}

Logging:
Log output configuration:
 #0: stdout all=warning uptime,level,tags
 #1: stderr all=off uptime,level,tags

Environment Variables:
JAVA_HOME=C:\Program Files\Java\jdk-11.0.11
PATH=C:\Program Files\Common Files\Oracle\Java\javapath;C:\Python39\Scripts\;C:\Python39\;C:\oraclexe\app\oracle\product\11.2.0\server\bin;F:\app\dell\product\11.2.0\dbhome_1\bin;C:\Program Files (x86)\Common Files\Oracle\Java\javapath;C:\WINDOWS\system32;C:\WINDOWS;C:\WINDOWS\System32\Wbem;C:\WINDOWS\System32\WindowsPowerShell\v1.0\;C:\WINDOWS\System32\OpenSSH\;C:\Program Files\Git\cmd;C:\Program Files\nodejs\;C:\ProgramData\chocolatey\bin;C:\Program Files\Java\jdk-11.0.11\bin;C:\Program Files\apache-maven-3.8.1-bin\apache-maven-3.8.1\bin;C:\Program Files\MySQL\MySQL Shell 8.0\bin\;C:\Users\dell\AppData\Local\Microsoft\WindowsApps;C:\Users\dell\AppData\Local\Programs\Microsoft VS Code\bin;C:\Program Files\JetBrains\IntelliJ IDEA 2021.1.2\bin;;C:\Users\dell\AppData\Local\JetBrains\PyCharm Community Edition 2021.1\bin;;C:\Users\dell\AppData\Roaming\npm;C:\Windows\System32;C:\Users\dell\Desktop\mysql-8.0.25-winx64\bin
USERNAME=dell
OS=Windows_NT
PROCESSOR_IDENTIFIER=Intel64 Family 6 Model 142 Stepping 12, GenuineIntel



---------------  S Y S T E M  ---------------

OS: Windows 10 , 64 bit Build 19041 (10.0.19041.1023)
OS uptime: 9 days 18:42 hours

CPU:total 8 (initial active 8) (4 cores per cpu, 2 threads per core) family 6 model 142 stepping 12 microcode 0xca, cmov, cx8, fxsr, mmx, sse, sse2, sse3, ssse3, sse4.1, sse4.2, popcnt, avx, avx2, aes, clmul, erms, 3dnowpref, lzcnt, ht, tsc, tscinvbit, bmi1, bmi2, adx, fma

Memory: 4k page, system-wide physical 8050M (512M free)
TotalPageFile size 23050M (AvailPageFile size 0M)
current process WorkingSet (physical memory assigned to process): 165M, peak: 165M
current process commit charge ("private bytes"): 252M, peak: 253M

vm_info: OpenJDK 64-Bit Server VM (11.0.11+9-LTS) for windows-amd64 JRE (11.0.11+9-LTS), built on Apr 14 2021 00:00:20 by "Administrator" with MS VC++ 15.9 (VS2017)

END.
